2025-09-09 03:02:15 INFO  com.celebritysystems.Main - Starting Main using Java 21.0.7 with PID 29564 (C:\Users\samia\Spring Boot Projects\celebritysystems-backend\target\classes started by samia in C:\Users\samia\Spring Boot Projects\celebritysystems-backend) 
2025-09-09 03:02:15 INFO  com.celebritysystems.Main - No active profile set, falling back to 1 default profile: "default" 
2025-09-09 03:02:16 INFO  o.s.d.r.c.RepositoryConfigurationDelegate - Bootstrapping Spring Data JPA repositories in DEFAULT mode. 
2025-09-09 03:02:16 INFO  o.s.d.r.c.RepositoryConfigurationDelegate - Finished Spring Data repository scanning in 94 ms. Found 10 JPA repository interfaces. 
2025-09-09 03:02:17 INFO  o.s.b.w.e.tomcat.TomcatWebServer - Tomcat initialized with port 8080 (http) 
2025-09-09 03:02:17 INFO  o.a.coyote.http11.Http11NioProtocol - Initializing ProtocolHandler ["http-nio-8080"] 
2025-09-09 03:02:17 INFO  o.a.catalina.core.StandardService - Starting service [Tomcat] 
2025-09-09 03:02:17 INFO  o.a.catalina.core.StandardEngine - Starting Servlet engine: [Apache Tomcat/10.1.40] 
2025-09-09 03:02:17 INFO  o.a.c.c.C.[Tomcat].[localhost].[/] - Initializing Spring embedded WebApplicationContext 
2025-09-09 03:02:17 INFO  o.s.b.w.s.c.ServletWebServerApplicationContext - Root WebApplicationContext: initialization completed in 2033 ms 
2025-09-09 03:02:17 INFO  o.s.o.j.p.SpringPersistenceUnitInfo - No LoadTimeWeaver setup: ignoring JPA class transformer 
2025-09-09 03:02:17 INFO  com.zaxxer.hikari.HikariDataSource - HikariPool-1 - Starting... 
2025-09-09 03:02:18 INFO  com.zaxxer.hikari.pool.HikariPool - HikariPool-1 - Added connection com.mysql.cj.jdbc.ConnectionImpl@6644bdf5 
2025-09-09 03:02:18 INFO  com.zaxxer.hikari.HikariDataSource - HikariPool-1 - Start completed. 
2025-09-09 03:02:19 INFO  o.s.o.j.LocalContainerEntityManagerFactoryBean - Initialized JPA EntityManagerFactory for persistence unit 'default' 
2025-09-09 03:02:19 INFO  o.s.d.j.r.query.QueryEnhancerFactory - Hibernate is in classpath; If applicable, HQL parser will be used. 
2025-09-09 03:02:20 INFO  c.celebritysystems.config.S3Config - Configuring S3Client with endpoint: https://nbg1.your-objectstorage.com, region: eu-central 
2025-09-09 03:02:21 INFO  c.celebritysystems.config.S3Config - Configuring S3Presigner with endpoint: https://nbg1.your-objectstorage.com, region: eu-central 
2025-09-09 03:02:21 WARN  o.s.b.a.o.j.JpaBaseConfiguration$JpaWebConfiguration - spring.jpa.open-in-view is enabled by default. Therefore, database queries may be performed during view rendering. Explicitly configure spring.jpa.open-in-view to disable this warning 
2025-09-09 03:02:21 INFO  o.s.s.c.a.a.c.InitializeUserDetailsBeanManagerConfigurer$InitializeUserDetailsManagerConfigurer - Global AuthenticationManager configured with UserDetailsService bean with name inMemoryUserDetailsManager 
2025-09-09 03:02:22 INFO  o.a.coyote.http11.Http11NioProtocol - Starting ProtocolHandler ["http-nio-8080"] 
2025-09-09 03:02:22 INFO  o.s.b.w.e.tomcat.TomcatWebServer - Tomcat started on port 8080 (http) with context path '/' 
2025-09-09 03:02:22 INFO  com.celebritysystems.Main - Started Main in 7.987 seconds (process running for 14.322) 
2025-09-09 03:04:18 INFO  o.a.c.c.C.[Tomcat].[localhost].[/] - Initializing Spring DispatcherServlet 'dispatcherServlet' 
2025-09-09 03:04:18 INFO  o.s.web.servlet.DispatcherServlet - Initializing Servlet 'dispatcherServlet' 
2025-09-09 03:04:18 INFO  o.s.web.servlet.DispatcherServlet - Completed initialization in 1 ms 
2025-09-09 03:04:18 INFO  c.c.AuthControllers.AuthController - Login attempt received for email: company@gmail.com 
2025-09-09 03:04:18 INFO  c.c.AuthControllers.AuthController - Login successful for email: company@gmail.com 
2025-09-09 03:04:18 INFO  c.c.AuthControllers.AuthController - Attempt to patch user with id: 4 with updates: [playerId] 
2025-09-09 03:04:18 INFO  c.c.controller.TicketController - Received request to getTicketsByCompanyId with Id: 1 
2025-09-09 03:04:18 INFO  c.c.controller.ContractController - Fetching active screens for company: 1 
2025-09-09 03:04:18 INFO  c.c.service.impl.ContractServiceImpl - Fetching active screens for company: 1 
2025-09-09 03:04:19 INFO  c.c.AuthControllers.AuthController - User patched successfully with id: 4 
2025-09-09 03:16:31 INFO  c.c.controller.TicketController - Received request to getTicketsByCompanyId with Id: 1 
2025-09-09 03:16:31 INFO  c.c.controller.ContractController - Fetching active screens for company: 1 
2025-09-09 03:16:31 INFO  c.c.service.impl.ContractServiceImpl - Fetching active screens for company: 1 
2025-09-09 03:32:40 INFO  c.c.controller.CompanyController - Fetching company by ID: 1 
2025-09-09 03:33:54 INFO  c.c.controller.ContractController - Fetching active screens for company: 1 
2025-09-09 03:33:54 INFO  c.c.service.impl.ContractServiceImpl - Fetching active screens for company: 1 
2025-09-09 03:33:55 INFO  c.c.controller.TicketController - Received request to get tickets with worker reports for screen ID: 15 
2025-09-09 03:33:55 INFO  c.c.service.impl.TicketServiceImpl - Fetching tickets with worker reports for screen ID: 15 
2025-09-09 03:33:55 INFO  c.c.controller.TicketController - Successfully retrieved 8 tickets with worker reports for screen ID: 15 
2025-09-09 03:41:30 INFO  c.c.controller.ContractController - Fetching active screens for company: 1 
2025-09-09 03:41:30 INFO  c.c.service.impl.ContractServiceImpl - Fetching active screens for company: 1 
2025-09-09 03:41:30 INFO  c.c.controller.CompanyController - Fetching company by ID: 1 
2025-09-09 03:41:32 INFO  c.c.controller.TicketController - Received request to getTicketsByCompanyId with Id: 1 
2025-09-09 03:41:32 INFO  c.c.controller.ContractController - Fetching active screens for company: 1 
2025-09-09 03:41:32 INFO  c.c.service.impl.ContractServiceImpl - Fetching active screens for company: 1 
2025-09-09 03:42:04 INFO  c.c.controller.ContractController - Fetching active screens for company: 1 
2025-09-09 03:42:04 INFO  c.c.service.impl.ContractServiceImpl - Fetching active screens for company: 1 
2025-09-09 03:42:08 INFO  c.c.controller.ContractController - Fetching active screens for company: 1 
2025-09-09 03:42:08 INFO  c.c.service.impl.ContractServiceImpl - Fetching active screens for company: 1 
2025-09-09 03:42:09 INFO  c.c.controller.CompanyController - Fetching company by ID: 1 
2025-09-09 03:42:11 INFO  c.c.controller.TicketController - Received request to getTicketsByCompanyId with Id: 1 
2025-09-09 03:42:11 INFO  c.c.controller.ContractController - Fetching active screens for company: 1 
2025-09-09 03:42:11 INFO  c.c.service.impl.ContractServiceImpl - Fetching active screens for company: 1 
2025-09-09 03:42:20 INFO  c.c.controller.CompanyController - Fetching company by ID: 1 
2025-09-09 03:42:22 INFO  c.c.controller.TicketController - Received request to getTicketsByCompanyId with Id: 1 
2025-09-09 03:42:22 INFO  c.c.controller.ContractController - Fetching active screens for company: 1 
2025-09-09 03:42:22 INFO  c.c.service.impl.ContractServiceImpl - Fetching active screens for company: 1 
2025-09-09 03:46:16 INFO  c.c.controller.ContractController - Fetching active screens for company: 1 
2025-09-09 03:46:16 INFO  c.c.service.impl.ContractServiceImpl - Fetching active screens for company: 1 
2025-09-09 03:46:18 INFO  c.c.controller.TicketController - Received request to getTicketsByCompanyId with Id: 1 
2025-09-09 03:46:18 INFO  c.c.controller.ContractController - Fetching active screens for company: 1 
2025-09-09 03:46:18 INFO  c.c.service.impl.ContractServiceImpl - Fetching active screens for company: 1 
2025-09-09 04:01:04 INFO  c.c.controller.TicketController - Received request to getTicketsByCompanyId with Id: 1 
2025-09-09 04:01:04 INFO  c.c.controller.ContractController - Fetching active screens for company: 1 
2025-09-09 04:01:04 INFO  c.c.service.impl.ContractServiceImpl - Fetching active screens for company: 1 
2025-09-09 04:01:18 INFO  c.c.controller.TicketController - Received request to getTicketsByCompanyId with Id: 1 
2025-09-09 04:01:18 INFO  c.c.controller.ContractController - Fetching active screens for company: 1 
2025-09-09 04:01:18 INFO  c.c.service.impl.ContractServiceImpl - Fetching active screens for company: 1 
2025-09-09 04:01:38 INFO  c.c.controller.ContractController - Fetching active screens for company: 1 
2025-09-09 04:01:38 INFO  c.c.service.impl.ContractServiceImpl - Fetching active screens for company: 1 
2025-09-09 04:01:40 INFO  c.c.controller.ContractController - Fetching active screens for company: 1 
2025-09-09 04:01:40 INFO  c.c.service.impl.ContractServiceImpl - Fetching active screens for company: 1 
2025-09-09 04:01:42 INFO  c.c.controller.CompanyController - Fetching company by ID: 1 
2025-09-09 04:01:45 INFO  c.c.controller.TicketController - Received request to getTicketsByCompanyId with Id: 1 
2025-09-09 04:01:45 INFO  c.c.controller.ContractController - Fetching active screens for company: 1 
2025-09-09 04:01:45 INFO  c.c.service.impl.ContractServiceImpl - Fetching active screens for company: 1 
2025-09-09 04:03:29 INFO  c.c.AuthControllers.AuthController - Login attempt received for email: worker@gmail.com 
2025-09-09 04:03:29 INFO  c.c.AuthControllers.AuthController - Login successful for email: worker@gmail.com 
2025-09-09 04:03:29 INFO  c.c.AuthControllers.AuthController - Attempt to patch user with id: 2 with updates: [playerId] 
2025-09-09 04:03:29 INFO  c.c.controller.TicketController - Received request to getTicketsByWorkerName with username: worker 
2025-09-09 04:03:30 INFO  c.c.controller.TicketController - Received request to get ticket counts for worker: worker 
2025-09-09 04:03:30 INFO  c.c.controller.TicketController - Successfully retrieved ticket counts for worker: worker 
2025-09-09 04:03:30 ERROR c.c.AuthControllers.AuthController - Error patching user with id: 2 org.springframework.dao.DataIntegrityViolationException: could not execute statement [Duplicate entry 'f339905b-ecd6-4601-9b34-dae567b7b5a7' for key 'UKpsfb18v1ityecxvh3x7thgkwx'] [update users set can_edit=?,can_read=?,company_id=?,created_at=?,email=?,full_name=?,password=?,player_id=?,role=?,updated_at=?,username=? where id=?]; SQL [update users set can_edit=?,can_read=?,company_id=?,created_at=?,email=?,full_name=?,password=?,player_id=?,role=?,updated_at=?,username=? where id=?]; constraint [UKpsfb18v1ityecxvh3x7thgkwx]
	at org.springframework.orm.jpa.vendor.HibernateJpaDialect.convertHibernateAccessException(HibernateJpaDialect.java:294)
	at org.springframework.orm.jpa.vendor.HibernateJpaDialect.convertHibernateAccessException(HibernateJpaDialect.java:256)
	at org.springframework.orm.jpa.vendor.HibernateJpaDialect.translateExceptionIfPossible(HibernateJpaDialect.java:241)
	at org.springframework.orm.jpa.JpaTransactionManager.doCommit(JpaTransactionManager.java:566)
	at org.springframework.transaction.support.AbstractPlatformTransactionManager.processCommit(AbstractPlatformTransactionManager.java:795)
	at org.springframework.transaction.support.AbstractPlatformTransactionManager.commit(AbstractPlatformTransactionManager.java:758)
	at org.springframework.transaction.interceptor.TransactionAspectSupport.commitTransactionAfterReturning(TransactionAspectSupport.java:698)
	at org.springframework.transaction.interceptor.TransactionAspectSupport.invokeWithinTransaction(TransactionAspectSupport.java:416)
	at org.springframework.transaction.interceptor.TransactionInterceptor.invoke(TransactionInterceptor.java:119)
	at org.springframework.aop.framework.ReflectiveMethodInvocation.proceed(ReflectiveMethodInvocation.java:184)
	at org.springframework.aop.framework.CglibAopProxy$DynamicAdvisedInterceptor.intercept(CglibAopProxy.java:728)
	at com.celebritysystems.service.impl.UserServiceImpl$$SpringCGLIB$$0.patchUser(<generated>)
	at com.celebritysystems.controller.UserController.patchUser(UserController.java:177)
	at java.base/jdk.internal.reflect.DirectMethodHandleAccessor.invoke(DirectMethodHandleAccessor.java:103)
	at java.base/java.lang.reflect.Method.invoke(Method.java:580)
	at org.springframework.aop.support.AopUtils.invokeJoinpointUsingReflection(AopUtils.java:359)
	at org.springframework.aop.framework.CglibAopProxy$DynamicAdvisedInterceptor.intercept(CglibAopProxy.java:724)
	at com.celebritysystems.controller.UserController$$SpringCGLIB$$0.patchUser(<generated>)
	at java.base/jdk.internal.reflect.DirectMethodHandleAccessor.invoke(DirectMethodHandleAccessor.java:103)
	at java.base/java.lang.reflect.Method.invoke(Method.java:580)
	at org.springframework.web.method.support.InvocableHandlerMethod.doInvoke(InvocableHandlerMethod.java:258)
	at org.springframework.web.method.support.InvocableHandlerMethod.invokeForRequest(InvocableHandlerMethod.java:191)
	at org.springframework.web.servlet.mvc.method.annotation.ServletInvocableHandlerMethod.invokeAndHandle(ServletInvocableHandlerMethod.java:118)
	at org.springframework.web.servlet.mvc.method.annotation.RequestMappingHandlerAdapter.invokeHandlerMethod(RequestMappingHandlerAdapter.java:986)
	at org.springframework.web.servlet.mvc.method.annotation.RequestMappingHandlerAdapter.handleInternal(RequestMappingHandlerAdapter.java:891)
	at org.springframework.web.servlet.mvc.method.AbstractHandlerMethodAdapter.handle(AbstractHandlerMethodAdapter.java:87)
	at org.springframework.web.servlet.DispatcherServlet.doDispatch(DispatcherServlet.java:1089)
	at org.springframework.web.servlet.DispatcherServlet.doService(DispatcherServlet.java:979)
	at org.springframework.web.servlet.FrameworkServlet.processRequest(FrameworkServlet.java:1014)
	at org.springframework.web.servlet.FrameworkServlet.service(FrameworkServlet.java:888)
	at jakarta.servlet.http.HttpServlet.service(HttpServlet.java:658)
	at org.apache.catalina.core.ApplicationFilterChain.internalDoFilter(ApplicationFilterChain.java:195)
	at org.apache.catalina.core.ApplicationFilterChain.doFilter(ApplicationFilterChain.java:140)
	at org.apache.tomcat.websocket.server.WsFilter.doFilter(WsFilter.java:51)
	at org.apache.catalina.core.ApplicationFilterChain.internalDoFilter(ApplicationFilterChain.java:164)
	at org.apache.catalina.core.ApplicationFilterChain.doFilter(ApplicationFilterChain.java:140)
	at org.springframework.web.filter.CompositeFilter$VirtualFilterChain.doFilter(CompositeFilter.java:108)
	at org.springframework.security.web.FilterChainProxy.lambda$doFilterInternal$3(FilterChainProxy.java:231)
	at org.springframework.security.web.FilterChainProxy$VirtualFilterChain.doFilter(FilterChainProxy.java:365)
	at org.springframework.security.web.access.intercept.AuthorizationFilter.doFilter(AuthorizationFilter.java:101)
	at org.springframework.security.web.FilterChainProxy$VirtualFilterChain.doFilter(FilterChainProxy.java:374)
	at org.springframework.security.web.access.ExceptionTranslationFilter.doFilter(ExceptionTranslationFilter.java:126)
	at org.springframework.security.web.access.ExceptionTranslationFilter.doFilter(ExceptionTranslationFilter.java:120)
	at org.springframework.security.web.FilterChainProxy$VirtualFilterChain.doFilter(FilterChainProxy.java:374)
	at org.springframework.security.web.session.SessionManagementFilter.doFilter(SessionManagementFilter.java:131)
	at org.springframework.security.web.session.SessionManagementFilter.doFilter(SessionManagementFilter.java:85)
	at org.springframework.security.web.FilterChainProxy$VirtualFilterChain.doFilter(FilterChainProxy.java:374)
	at org.springframework.security.web.authentication.AnonymousAuthenticationFilter.doFilter(AnonymousAuthenticationFilter.java:100)
	at org.springframework.security.web.FilterChainProxy$VirtualFilterChain.doFilter(FilterChainProxy.java:374)
	at org.springframework.security.web.servletapi.SecurityContextHolderAwareRequestFilter.doFilter(SecurityContextHolderAwareRequestFilter.java:179)
	at org.springframework.security.web.FilterChainProxy$VirtualFilterChain.doFilter(FilterChainProxy.java:374)
	at org.springframework.security.web.savedrequest.RequestCacheAwareFilter.doFilter(RequestCacheAwareFilter.java:63)
	at org.springframework.security.web.FilterChainProxy$VirtualFilterChain.doFilter(FilterChainProxy.java:374)
	at com.celebritysystems.config.JwtAuthenticationFilter.doFilterInternal(JwtAuthenticationFilter.java:63)
	at org.springframework.web.filter.OncePerRequestFilter.doFilter(OncePerRequestFilter.java:116)
	at org.springframework.security.web.FilterChainProxy$VirtualFilterChain.doFilter(FilterChainProxy.java:374)
	at org.springframework.security.web.authentication.logout.LogoutFilter.doFilter(LogoutFilter.java:107)
	at org.springframework.security.web.authentication.logout.LogoutFilter.doFilter(LogoutFilter.java:93)
	at org.springframework.security.web.FilterChainProxy$VirtualFilterChain.doFilter(FilterChainProxy.java:374)
	at org.springframework.web.filter.CorsFilter.doFilterInternal(CorsFilter.java:91)
	at org.springframework.web.filter.OncePerRequestFilter.doFilter(OncePerRequestFilter.java:116)
	at org.springframework.security.web.FilterChainProxy$VirtualFilterChain.doFilter(FilterChainProxy.java:374)
	at org.springframework.security.web.header.HeaderWriterFilter.doHeadersAfter(HeaderWriterFilter.java:90)
	at org.springframework.security.web.header.HeaderWriterFilter.doFilterInternal(HeaderWriterFilter.java:75)
	at org.springframework.web.filter.OncePerRequestFilter.doFilter(OncePerRequestFilter.java:116)
	at org.springframework.security.web.FilterChainProxy$VirtualFilterChain.doFilter(FilterChainProxy.java:374)
	at org.springframework.security.web.context.SecurityContextHolderFilter.doFilter(SecurityContextHolderFilter.java:82)
	at org.springframework.security.web.context.SecurityContextHolderFilter.doFilter(SecurityContextHolderFilter.java:69)
	at org.springframework.security.web.FilterChainProxy$VirtualFilterChain.doFilter(FilterChainProxy.java:374)
	at org.springframework.security.web.context.request.async.WebAsyncManagerIntegrationFilter.doFilterInternal(WebAsyncManagerIntegrationFilter.java:62)
	at org.springframework.web.filter.OncePerRequestFilter.doFilter(OncePerRequestFilter.java:116)
	at org.springframework.security.web.FilterChainProxy$VirtualFilterChain.doFilter(FilterChainProxy.java:374)
	at org.springframework.security.web.session.DisableEncodeUrlFilter.doFilterInternal(DisableEncodeUrlFilter.java:42)
	at org.springframework.web.filter.OncePerRequestFilter.doFilter(OncePerRequestFilter.java:116)
	at org.springframework.security.web.FilterChainProxy$VirtualFilterChain.doFilter(FilterChainProxy.java:374)
	at org.springframework.security.web.FilterChainProxy.doFilterInternal(FilterChainProxy.java:233)
	at org.springframework.security.web.FilterChainProxy.doFilter(FilterChainProxy.java:191)
	at org.springframework.web.filter.CompositeFilter$VirtualFilterChain.doFilter(CompositeFilter.java:113)
	at org.springframework.web.servlet.handler.HandlerMappingIntrospector.lambda$createCacheFilter$3(HandlerMappingIntrospector.java:243)
	at org.springframework.web.filter.CompositeFilter$VirtualFilterChain.doFilter(CompositeFilter.java:113)
	at org.springframework.web.filter.CompositeFilter.doFilter(CompositeFilter.java:74)
	at org.springframework.security.config.annotation.web.configuration.WebMvcSecurityConfiguration$CompositeFilterChainProxy.doFilter(WebMvcSecurityConfiguration.java:238)
	at org.springframework.web.filter.DelegatingFilterProxy.invokeDelegate(DelegatingFilterProxy.java:362)
	at org.springframework.web.filter.DelegatingFilterProxy.doFilter(DelegatingFilterProxy.java:278)
	at org.apache.catalina.core.ApplicationFilterChain.internalDoFilter(ApplicationFilterChain.java:164)
	at org.apache.catalina.core.ApplicationFilterChain.doFilter(ApplicationFilterChain.java:140)
	at org.springframework.web.filter.RequestContextFilter.doFilterInternal(RequestContextFilter.java:100)
	at org.springframework.web.filter.OncePerRequestFilter.doFilter(OncePerRequestFilter.java:116)
	at org.apache.catalina.core.ApplicationFilterChain.internalDoFilter(ApplicationFilterChain.java:164)
	at org.apache.catalina.core.ApplicationFilterChain.doFilter(ApplicationFilterChain.java:140)
	at org.springframework.web.filter.FormContentFilter.doFilterInternal(FormContentFilter.java:93)
	at org.springframework.web.filter.OncePerRequestFilter.doFilter(OncePerRequestFilter.java:116)
	at org.apache.catalina.core.ApplicationFilterChain.internalDoFilter(ApplicationFilterChain.java:164)
	at org.apache.catalina.core.ApplicationFilterChain.doFilter(ApplicationFilterChain.java:140)
	at org.springframework.web.filter.CharacterEncodingFilter.doFilterInternal(CharacterEncodingFilter.java:201)
	at org.springframework.web.filter.OncePerRequestFilter.doFilter(OncePerRequestFilter.java:116)
	at org.apache.catalina.core.ApplicationFilterChain.internalDoFilter(ApplicationFilterChain.java:164)
	at org.apache.catalina.core.ApplicationFilterChain.doFilter(ApplicationFilterChain.java:140)
	at org.apache.catalina.core.StandardWrapperValve.invoke(StandardWrapperValve.java:167)
	at org.apache.catalina.core.StandardContextValve.invoke(StandardContextValve.java:90)
	at org.apache.catalina.authenticator.AuthenticatorBase.invoke(AuthenticatorBase.java:483)
	at org.apache.catalina.core.StandardHostValve.invoke(StandardHostValve.java:116)
	at org.apache.catalina.valves.ErrorReportValve.invoke(ErrorReportValve.java:93)
	at org.apache.catalina.core.StandardEngineValve.invoke(StandardEngineValve.java:74)
	at org.apache.catalina.connector.CoyoteAdapter.service(CoyoteAdapter.java:344)
	at org.apache.coyote.http11.Http11Processor.service(Http11Processor.java:398)
	at org.apache.coyote.AbstractProcessorLight.process(AbstractProcessorLight.java:63)
	at org.apache.coyote.AbstractProtocol$ConnectionHandler.process(AbstractProtocol.java:903)
	at org.apache.tomcat.util.net.NioEndpoint$SocketProcessor.doRun(NioEndpoint.java:1740)
	at org.apache.tomcat.util.net.SocketProcessorBase.run(SocketProcessorBase.java:52)
	at org.apache.tomcat.util.threads.ThreadPoolExecutor.runWorker(ThreadPoolExecutor.java:1189)
	at org.apache.tomcat.util.threads.ThreadPoolExecutor$Worker.run(ThreadPoolExecutor.java:658)
	at org.apache.tomcat.util.threads.TaskThread$WrappingRunnable.run(TaskThread.java:63)
	at java.base/java.lang.Thread.run(Thread.java:1583)
Caused by: org.hibernate.exception.ConstraintViolationException: could not execute statement [Duplicate entry 'f339905b-ecd6-4601-9b34-dae567b7b5a7' for key 'UKpsfb18v1ityecxvh3x7thgkwx'] [update users set can_edit=?,can_read=?,company_id=?,created_at=?,email=?,full_name=?,password=?,player_id=?,role=?,updated_at=?,username=? where id=?]
	at org.hibernate.dialect.MySQLDialect.lambda$buildSQLExceptionConversionDelegate$3(MySQLDialect.java:1245)
	at org.hibernate.exception.internal.StandardSQLExceptionConverter.convert(StandardSQLExceptionConverter.java:58)
	at org.hibernate.engine.jdbc.spi.SqlExceptionHelper.convert(SqlExceptionHelper.java:108)
	at org.hibernate.engine.jdbc.internal.ResultSetReturnImpl.executeUpdate(ResultSetReturnImpl.java:197)
	at org.hibernate.engine.jdbc.mutation.internal.AbstractMutationExecutor.performNonBatchedMutation(AbstractMutationExecutor.java:134)
	at org.hibernate.engine.jdbc.mutation.internal.MutationExecutorSingleNonBatched.performNonBatchedOperations(MutationExecutorSingleNonBatched.java:55)
	at org.hibernate.engine.jdbc.mutation.internal.AbstractMutationExecutor.execute(AbstractMutationExecutor.java:55)
	at org.hibernate.persister.entity.mutation.UpdateCoordinatorStandard.doStaticUpdate(UpdateCoordinatorStandard.java:781)
	at org.hibernate.persister.entity.mutation.UpdateCoordinatorStandard.performUpdate(UpdateCoordinatorStandard.java:328)
	at org.hibernate.persister.entity.mutation.UpdateCoordinatorStandard.update(UpdateCoordinatorStandard.java:245)
	at org.hibernate.action.internal.EntityUpdateAction.execute(EntityUpdateAction.java:169)
	at org.hibernate.engine.spi.ActionQueue.executeActions(ActionQueue.java:644)
	at org.hibernate.engine.spi.ActionQueue.executeActions(ActionQueue.java:511)
	at org.hibernate.event.internal.AbstractFlushingEventListener.performExecutions(AbstractFlushingEventListener.java:414)
	at org.hibernate.event.internal.DefaultFlushEventListener.onFlush(DefaultFlushEventListener.java:41)
	at org.hibernate.event.service.internal.EventListenerGroupImpl.fireEventOnEachListener(EventListenerGroupImpl.java:127)
	at org.hibernate.internal.SessionImpl.doFlush(SessionImpl.java:1429)
	at org.hibernate.internal.SessionImpl.managedFlush(SessionImpl.java:491)
	at org.hibernate.internal.SessionImpl.flushBeforeTransactionCompletion(SessionImpl.java:2354)
	at org.hibernate.internal.SessionImpl.beforeTransactionCompletion(SessionImpl.java:1978)
	at org.hibernate.engine.jdbc.internal.JdbcCoordinatorImpl.beforeTransactionCompletion(JdbcCoordinatorImpl.java:439)
	at org.hibernate.resource.transaction.backend.jdbc.internal.JdbcResourceLocalTransactionCoordinatorImpl.beforeCompletionCallback(JdbcResourceLocalTransactionCoordinatorImpl.java:169)
	at org.hibernate.resource.transaction.backend.jdbc.internal.JdbcResourceLocalTransactionCoordinatorImpl$TransactionDriverControlImpl.commit(JdbcResourceLocalTransactionCoordinatorImpl.java:267)
	at org.hibernate.engine.transaction.internal.TransactionImpl.commit(TransactionImpl.java:101)
	at org.springframework.orm.jpa.JpaTransactionManager.doCommit(JpaTransactionManager.java:562)
	... 110 common frames omitted
Caused by: java.sql.SQLIntegrityConstraintViolationException: Duplicate entry 'f339905b-ecd6-4601-9b34-dae567b7b5a7' for key 'UKpsfb18v1ityecxvh3x7thgkwx'
	at com.mysql.cj.jdbc.exceptions.SQLError.createSQLException(SQLError.java:109)
	at com.mysql.cj.jdbc.exceptions.SQLExceptionsMapping.translateException(SQLExceptionsMapping.java:114)
	at com.mysql.cj.jdbc.ClientPreparedStatement.executeInternal(ClientPreparedStatement.java:988)
	at com.mysql.cj.jdbc.ClientPreparedStatement.executeUpdateInternal(ClientPreparedStatement.java:1166)
	at com.mysql.cj.jdbc.ClientPreparedStatement.executeUpdateInternal(ClientPreparedStatement.java:1101)
	at com.mysql.cj.jdbc.ClientPreparedStatement.executeLargeUpdate(ClientPreparedStatement.java:1467)
	at com.mysql.cj.jdbc.ClientPreparedStatement.executeUpdate(ClientPreparedStatement.java:1084)
	at com.zaxxer.hikari.pool.ProxyPreparedStatement.executeUpdate(ProxyPreparedStatement.java:61)
	at com.zaxxer.hikari.pool.HikariProxyPreparedStatement.executeUpdate(HikariProxyPreparedStatement.java)
	at org.hibernate.engine.jdbc.internal.ResultSetReturnImpl.executeUpdate(ResultSetReturnImpl.java:194)
	... 131 common frames omitted

2025-09-09 04:05:39 INFO  c.c.controller.TicketController - Received request to getTicketsByWorkerName with username: worker 
2025-09-09 04:05:39 INFO  c.c.controller.TicketController - Received request to get ticket counts for worker: worker 
2025-09-09 04:05:39 INFO  c.c.controller.TicketController - Successfully retrieved ticket counts for worker: worker 
2025-09-09 04:05:45 INFO  c.c.controller.TicketController - Received request to getTicketsByWorkerName with username: worker 
2025-09-09 04:05:45 INFO  c.c.controller.TicketController - Received request to getTicketsByWorkerName with username: worker 
2025-09-09 04:05:46 INFO  c.c.controller.TicketController - Received request to get ticket counts for worker: worker 
2025-09-09 04:05:46 INFO  c.c.controller.TicketController - Received request to get ticket counts for worker: worker 
2025-09-09 04:05:46 INFO  c.c.controller.TicketController - Successfully retrieved ticket counts for worker: worker 
2025-09-09 04:05:46 INFO  c.c.controller.TicketController - Successfully retrieved ticket counts for worker: worker 
2025-09-09 04:05:48 INFO  c.c.controller.TicketController - Received request to getTicketsByWorkerName with username: worker 
2025-09-09 04:05:48 INFO  c.c.controller.TicketController - Received request to get ticket counts for worker: worker 
2025-09-09 04:05:48 INFO  c.c.controller.TicketController - Successfully retrieved ticket counts for worker: worker 
2025-09-09 04:06:00 INFO  c.c.controller.TicketController - Received request to getTicketsByWorkerName with username: worker 
2025-09-09 04:06:00 INFO  c.c.controller.TicketController - Received request to get ticket counts for worker: worker 
2025-09-09 04:06:00 INFO  c.c.controller.TicketController - Successfully retrieved ticket counts for worker: worker 
2025-09-09 04:06:02 INFO  c.c.controller.TicketController - Received request to getTicketsByWorkerName with username: worker 
2025-09-09 04:06:02 INFO  c.c.controller.TicketController - Received request to get ticket counts for worker: worker 
2025-09-09 04:06:02 INFO  c.c.controller.TicketController - Successfully retrieved ticket counts for worker: worker 
2025-09-09 04:06:30 INFO  c.c.controller.TicketController - Received request to getTicketsByWorkerName with username: worker 
2025-09-09 04:06:30 INFO  c.c.controller.TicketController - Received request to get ticket counts for worker: worker 
2025-09-09 04:06:30 INFO  c.c.controller.TicketController - Successfully retrieved ticket counts for worker: worker 
2025-09-09 04:11:30 INFO  o.s.b.w.e.tomcat.GracefulShutdown - Commencing graceful shutdown. Waiting for active requests to complete 
2025-09-09 04:11:30 INFO  o.s.b.w.e.tomcat.GracefulShutdown - Graceful shutdown complete 
2025-09-09 04:11:30 INFO  o.s.o.j.LocalContainerEntityManagerFactoryBean - Closing JPA EntityManagerFactory for persistence unit 'default' 
2025-09-09 04:11:30 INFO  com.zaxxer.hikari.HikariDataSource - HikariPool-1 - Shutdown initiated... 
2025-09-09 04:11:30 INFO  com.zaxxer.hikari.HikariDataSource - HikariPool-1 - Shutdown completed. 
2025-09-09 19:05:39 INFO  com.celebritysystems.Main - Starting Main using Java 21.0.7 with PID 23000 (C:\Users\samia\Spring Boot Projects\celebritysystems-backend\target\classes started by samia in C:\Users\samia\Spring Boot Projects\celebritysystems-backend) 
2025-09-09 19:05:39 INFO  com.celebritysystems.Main - No active profile set, falling back to 1 default profile: "default" 
2025-09-09 19:05:41 INFO  o.s.d.r.c.RepositoryConfigurationDelegate - Bootstrapping Spring Data JPA repositories in DEFAULT mode. 
2025-09-09 19:05:41 INFO  o.s.d.r.c.RepositoryConfigurationDelegate - Finished Spring Data repository scanning in 89 ms. Found 10 JPA repository interfaces. 
2025-09-09 19:05:42 INFO  o.s.b.w.e.tomcat.TomcatWebServer - Tomcat initialized with port 8080 (http) 
2025-09-09 19:05:42 INFO  o.a.coyote.http11.Http11NioProtocol - Initializing ProtocolHandler ["http-nio-8080"] 
2025-09-09 19:05:42 INFO  o.a.catalina.core.StandardService - Starting service [Tomcat] 
2025-09-09 19:05:42 INFO  o.a.catalina.core.StandardEngine - Starting Servlet engine: [Apache Tomcat/10.1.40] 
2025-09-09 19:05:42 INFO  o.a.c.c.C.[Tomcat].[localhost].[/] - Initializing Spring embedded WebApplicationContext 
2025-09-09 19:05:42 INFO  o.s.b.w.s.c.ServletWebServerApplicationContext - Root WebApplicationContext: initialization completed in 2214 ms 
2025-09-09 19:05:42 INFO  o.s.o.j.p.SpringPersistenceUnitInfo - No LoadTimeWeaver setup: ignoring JPA class transformer 
2025-09-09 19:05:42 INFO  com.zaxxer.hikari.HikariDataSource - HikariPool-1 - Starting... 
2025-09-09 19:05:43 INFO  com.zaxxer.hikari.pool.HikariPool - HikariPool-1 - Added connection com.mysql.cj.jdbc.ConnectionImpl@151659dd 
2025-09-09 19:05:43 INFO  com.zaxxer.hikari.HikariDataSource - HikariPool-1 - Start completed. 
2025-09-09 19:05:44 INFO  o.s.o.j.LocalContainerEntityManagerFactoryBean - Initialized JPA EntityManagerFactory for persistence unit 'default' 
2025-09-09 19:05:44 INFO  o.s.d.j.r.query.QueryEnhancerFactory - Hibernate is in classpath; If applicable, HQL parser will be used. 
2025-09-09 19:05:45 INFO  c.celebritysystems.config.S3Config - Configuring S3Client with endpoint: https://nbg1.your-objectstorage.com, region: eu-central 
2025-09-09 19:05:46 INFO  c.celebritysystems.config.S3Config - Configuring S3Presigner with endpoint: https://nbg1.your-objectstorage.com, region: eu-central 
2025-09-09 19:05:47 WARN  o.s.b.a.o.j.JpaBaseConfiguration$JpaWebConfiguration - spring.jpa.open-in-view is enabled by default. Therefore, database queries may be performed during view rendering. Explicitly configure spring.jpa.open-in-view to disable this warning 
2025-09-09 19:05:47 INFO  o.s.s.c.a.a.c.InitializeUserDetailsBeanManagerConfigurer$InitializeUserDetailsManagerConfigurer - Global AuthenticationManager configured with UserDetailsService bean with name inMemoryUserDetailsManager 
2025-09-09 19:05:47 INFO  o.a.coyote.http11.Http11NioProtocol - Starting ProtocolHandler ["http-nio-8080"] 
2025-09-09 19:05:47 INFO  o.s.b.w.e.tomcat.TomcatWebServer - Tomcat started on port 8080 (http) with context path '/' 
2025-09-09 19:05:48 INFO  com.celebritysystems.Main - Started Main in 8.848 seconds (process running for 13.968) 
2025-09-09 19:11:00 INFO  o.a.c.c.C.[Tomcat].[localhost].[/] - Initializing Spring DispatcherServlet 'dispatcherServlet' 
2025-09-09 19:11:00 INFO  o.s.web.servlet.DispatcherServlet - Initializing Servlet 'dispatcherServlet' 
2025-09-09 19:11:00 INFO  o.s.web.servlet.DispatcherServlet - Completed initialization in 59 ms 
2025-09-09 19:11:00 INFO  c.c.AuthControllers.AuthController - Login attempt received for email: worker@gmail.com 
2025-09-09 19:11:00 INFO  c.c.AuthControllers.AuthController - Login successful for email: worker@gmail.com 
2025-09-09 19:11:01 INFO  c.c.AuthControllers.AuthController - Attempt to patch user with id: 2 with updates: [playerId] 
2025-09-09 19:11:01 INFO  c.c.controller.TicketController - Received request to getTicketsByWorkerName with username: worker 
2025-09-09 19:11:01 INFO  c.c.AuthControllers.AuthController - User patched successfully with id: 2 
2025-09-09 19:11:01 INFO  c.c.controller.TicketController - Received request to get ticket counts for worker: worker 
2025-09-09 19:11:01 INFO  c.c.controller.TicketController - Successfully retrieved ticket counts for worker: worker 
2025-09-09 19:11:05 INFO  c.c.controller.TicketController - Received request to getTicketsByWorkerName with username: worker 
2025-09-09 19:11:06 INFO  c.c.controller.TicketController - Received request to get ticket counts for worker: worker 
2025-09-09 19:11:06 INFO  c.c.controller.TicketController - Successfully retrieved ticket counts for worker: worker 
2025-09-09 19:12:25 INFO  c.c.controller.TicketController - Received request to getTicketsByWorkerName with username: worker 
2025-09-09 19:12:25 INFO  c.c.controller.TicketController - Received request to get ticket counts for worker: worker 
2025-09-09 19:12:25 INFO  c.c.controller.TicketController - Successfully retrieved ticket counts for worker: worker 
2025-09-09 19:17:46 INFO  c.c.controller.TicketController - Received request to getTicketsByWorkerName with username: worker 
2025-09-09 19:17:46 INFO  c.c.controller.TicketController - Received request to get ticket counts for worker: worker 
2025-09-09 19:17:46 INFO  c.c.controller.TicketController - Successfully retrieved ticket counts for worker: worker 
2025-09-09 19:17:58 INFO  c.c.controller.TicketController - Received request to getTicketsByWorkerName with username: worker 
2025-09-09 19:17:58 INFO  c.c.controller.TicketController - Received request to getTicketsByWorkerName with username: worker 
2025-09-09 19:17:58 INFO  c.c.controller.TicketController - Received request to get ticket counts for worker: worker 
2025-09-09 19:17:58 INFO  c.c.controller.TicketController - Successfully retrieved ticket counts for worker: worker 
2025-09-09 19:17:58 INFO  c.c.controller.TicketController - Received request to get ticket counts for worker: worker 
2025-09-09 19:17:58 INFO  c.c.controller.TicketController - Successfully retrieved ticket counts for worker: worker 
2025-09-09 19:20:01 INFO  c.c.controller.TicketController - Received request to getTicketsByWorkerName with username: worker 
2025-09-09 19:20:01 INFO  c.c.controller.TicketController - Received request to get ticket counts for worker: worker 
2025-09-09 19:20:01 INFO  c.c.controller.TicketController - Successfully retrieved ticket counts for worker: worker 
2025-09-09 19:21:16 INFO  c.c.controller.TicketController - Received request to getTicketsByWorkerName with username: worker 
2025-09-09 19:21:16 INFO  c.c.controller.TicketController - Received request to getTicketsByWorkerName with username: worker 
2025-09-09 19:21:16 INFO  c.c.controller.TicketController - Received request to get ticket counts for worker: worker 
2025-09-09 19:21:16 INFO  c.c.controller.TicketController - Received request to get ticket counts for worker: worker 
2025-09-09 19:21:16 INFO  c.c.controller.TicketController - Successfully retrieved ticket counts for worker: worker 
2025-09-09 19:21:16 INFO  c.c.controller.TicketController - Successfully retrieved ticket counts for worker: worker 
2025-09-09 20:23:57 WARN  com.zaxxer.hikari.pool.HikariPool - HikariPool-1 - Thread starvation or clock leap detected (housekeeper delta=39m41s743ms117µs200ns). 
2025-09-09 20:50:51 WARN  com.zaxxer.hikari.pool.HikariPool - HikariPool-1 - Thread starvation or clock leap detected (housekeeper delta=16m54s301ms985µs300ns). 
2025-09-09 20:55:19 INFO  c.c.controller.TicketController - Received request to getTicketsByWorkerName with username: worker 
2025-09-09 20:55:20 INFO  c.c.controller.TicketController - Received request to get ticket counts for worker: worker 
2025-09-09 20:55:20 INFO  c.c.controller.TicketController - Successfully retrieved ticket counts for worker: worker 
2025-09-09 21:00:29 INFO  c.c.controller.TicketController - Received request to getTicketsByWorkerName with username: worker 
2025-09-09 21:00:29 INFO  c.c.controller.TicketController - Received request to get ticket counts for worker: worker 
2025-09-09 21:00:29 INFO  c.c.controller.TicketController - Successfully retrieved ticket counts for worker: worker 
2025-09-09 21:00:39 INFO  c.c.controller.TicketController - Received request to getTicketsByWorkerName with username: worker 
2025-09-09 21:00:39 INFO  c.c.controller.TicketController - Received request to getTicketsByWorkerName with username: worker 
2025-09-09 21:00:39 INFO  c.c.controller.TicketController - Received request to get ticket counts for worker: worker 
2025-09-09 21:00:39 INFO  c.c.controller.TicketController - Received request to get ticket counts for worker: worker 
2025-09-09 21:00:39 INFO  c.c.controller.TicketController - Successfully retrieved ticket counts for worker: worker 
2025-09-09 21:00:39 INFO  c.c.controller.TicketController - Successfully retrieved ticket counts for worker: worker 
2025-09-09 21:01:35 INFO  c.c.controller.TicketController - Received request to getTicketsByWorkerName with username: worker 
2025-09-09 21:01:36 INFO  c.c.controller.TicketController - Received request to getTicketsByWorkerName with username: worker 
2025-09-09 21:01:36 INFO  c.c.controller.TicketController - Received request to get ticket counts for worker: worker 
2025-09-09 21:01:36 INFO  c.c.controller.TicketController - Received request to get ticket counts for worker: worker 
2025-09-09 21:01:36 INFO  c.c.controller.TicketController - Successfully retrieved ticket counts for worker: worker 
2025-09-09 21:01:36 INFO  c.c.controller.TicketController - Successfully retrieved ticket counts for worker: worker 
2025-09-09 21:06:00 INFO  c.c.controller.TicketController - Received request to getTicketsByWorkerName with username: worker 
2025-09-09 21:06:01 INFO  c.c.controller.TicketController - Received request to get ticket counts for worker: worker 
2025-09-09 21:06:01 INFO  c.c.controller.TicketController - Successfully retrieved ticket counts for worker: worker 
2025-09-09 21:08:20 INFO  c.c.controller.TicketController - Received request to getTicketsByWorkerName with username: worker 
2025-09-09 21:08:21 INFO  c.c.controller.TicketController - Received request to get ticket counts for worker: worker 
2025-09-09 21:08:21 INFO  c.c.controller.TicketController - Successfully retrieved ticket counts for worker: worker 
2025-09-09 21:09:40 INFO  c.c.controller.TicketController - Received request to getTicketsByWorkerName with username: worker 
2025-09-09 21:09:41 INFO  c.c.controller.TicketController - Received request to get ticket counts for worker: worker 
2025-09-09 21:09:41 INFO  c.c.controller.TicketController - Successfully retrieved ticket counts for worker: worker 
2025-09-09 21:18:03 WARN  com.zaxxer.hikari.pool.HikariPool - HikariPool-1 - Thread starvation or clock leap detected (housekeeper delta=5m41s341ms191µs100ns). 
2025-09-09 21:24:51 INFO  c.c.AuthControllers.AuthController - Login attempt received for email: company@gmail.com 
2025-09-09 21:24:51 INFO  c.c.AuthControllers.AuthController - Login successful for email: company@gmail.com 
2025-09-09 21:24:52 INFO  c.c.AuthControllers.AuthController - Attempt to patch user with id: 4 with updates: [playerId] 
2025-09-09 21:24:52 INFO  c.c.controller.TicketController - Received request to getTicketsByCompanyId with Id: 1 
2025-09-09 21:24:52 INFO  c.c.controller.ContractController - Fetching active screens for company: 1 
2025-09-09 21:24:52 INFO  c.c.service.impl.ContractServiceImpl - Fetching active screens for company: 1 
2025-09-09 21:24:53 ERROR c.c.AuthControllers.AuthController - Error patching user with id: 4 org.springframework.dao.DataIntegrityViolationException: could not execute statement [Duplicate entry '7ccef77b-76ca-44f1-a362-06b44544df73' for key 'UKpsfb18v1ityecxvh3x7thgkwx'] [update users set can_edit=?,can_read=?,company_id=?,created_at=?,email=?,full_name=?,password=?,player_id=?,role=?,updated_at=?,username=? where id=?]; SQL [update users set can_edit=?,can_read=?,company_id=?,created_at=?,email=?,full_name=?,password=?,player_id=?,role=?,updated_at=?,username=? where id=?]; constraint [UKpsfb18v1ityecxvh3x7thgkwx]
	at org.springframework.orm.jpa.vendor.HibernateJpaDialect.convertHibernateAccessException(HibernateJpaDialect.java:294)
	at org.springframework.orm.jpa.vendor.HibernateJpaDialect.convertHibernateAccessException(HibernateJpaDialect.java:256)
	at org.springframework.orm.jpa.vendor.HibernateJpaDialect.translateExceptionIfPossible(HibernateJpaDialect.java:241)
	at org.springframework.orm.jpa.JpaTransactionManager.doCommit(JpaTransactionManager.java:566)
	at org.springframework.transaction.support.AbstractPlatformTransactionManager.processCommit(AbstractPlatformTransactionManager.java:795)
	at org.springframework.transaction.support.AbstractPlatformTransactionManager.commit(AbstractPlatformTransactionManager.java:758)
	at org.springframework.transaction.interceptor.TransactionAspectSupport.commitTransactionAfterReturning(TransactionAspectSupport.java:698)
	at org.springframework.transaction.interceptor.TransactionAspectSupport.invokeWithinTransaction(TransactionAspectSupport.java:416)
	at org.springframework.transaction.interceptor.TransactionInterceptor.invoke(TransactionInterceptor.java:119)
	at org.springframework.aop.framework.ReflectiveMethodInvocation.proceed(ReflectiveMethodInvocation.java:184)
	at org.springframework.aop.framework.CglibAopProxy$DynamicAdvisedInterceptor.intercept(CglibAopProxy.java:728)
	at com.celebritysystems.service.impl.UserServiceImpl$$SpringCGLIB$$0.patchUser(<generated>)
	at com.celebritysystems.controller.UserController.patchUser(UserController.java:177)
	at java.base/jdk.internal.reflect.DirectMethodHandleAccessor.invoke(DirectMethodHandleAccessor.java:103)
	at java.base/java.lang.reflect.Method.invoke(Method.java:580)
	at org.springframework.aop.support.AopUtils.invokeJoinpointUsingReflection(AopUtils.java:359)
	at org.springframework.aop.framework.CglibAopProxy$DynamicAdvisedInterceptor.intercept(CglibAopProxy.java:724)
	at com.celebritysystems.controller.UserController$$SpringCGLIB$$0.patchUser(<generated>)
	at java.base/jdk.internal.reflect.DirectMethodHandleAccessor.invoke(DirectMethodHandleAccessor.java:103)
	at java.base/java.lang.reflect.Method.invoke(Method.java:580)
	at org.springframework.web.method.support.InvocableHandlerMethod.doInvoke(InvocableHandlerMethod.java:258)
	at org.springframework.web.method.support.InvocableHandlerMethod.invokeForRequest(InvocableHandlerMethod.java:191)
	at org.springframework.web.servlet.mvc.method.annotation.ServletInvocableHandlerMethod.invokeAndHandle(ServletInvocableHandlerMethod.java:118)
	at org.springframework.web.servlet.mvc.method.annotation.RequestMappingHandlerAdapter.invokeHandlerMethod(RequestMappingHandlerAdapter.java:986)
	at org.springframework.web.servlet.mvc.method.annotation.RequestMappingHandlerAdapter.handleInternal(RequestMappingHandlerAdapter.java:891)
	at org.springframework.web.servlet.mvc.method.AbstractHandlerMethodAdapter.handle(AbstractHandlerMethodAdapter.java:87)
	at org.springframework.web.servlet.DispatcherServlet.doDispatch(DispatcherServlet.java:1089)
	at org.springframework.web.servlet.DispatcherServlet.doService(DispatcherServlet.java:979)
	at org.springframework.web.servlet.FrameworkServlet.processRequest(FrameworkServlet.java:1014)
	at org.springframework.web.servlet.FrameworkServlet.service(FrameworkServlet.java:888)
	at jakarta.servlet.http.HttpServlet.service(HttpServlet.java:658)
	at org.apache.catalina.core.ApplicationFilterChain.internalDoFilter(ApplicationFilterChain.java:195)
	at org.apache.catalina.core.ApplicationFilterChain.doFilter(ApplicationFilterChain.java:140)
	at org.apache.tomcat.websocket.server.WsFilter.doFilter(WsFilter.java:51)
	at org.apache.catalina.core.ApplicationFilterChain.internalDoFilter(ApplicationFilterChain.java:164)
	at org.apache.catalina.core.ApplicationFilterChain.doFilter(ApplicationFilterChain.java:140)
	at org.springframework.web.filter.CompositeFilter$VirtualFilterChain.doFilter(CompositeFilter.java:108)
	at org.springframework.security.web.FilterChainProxy.lambda$doFilterInternal$3(FilterChainProxy.java:231)
	at org.springframework.security.web.FilterChainProxy$VirtualFilterChain.doFilter(FilterChainProxy.java:365)
	at org.springframework.security.web.access.intercept.AuthorizationFilter.doFilter(AuthorizationFilter.java:101)
	at org.springframework.security.web.FilterChainProxy$VirtualFilterChain.doFilter(FilterChainProxy.java:374)
	at org.springframework.security.web.access.ExceptionTranslationFilter.doFilter(ExceptionTranslationFilter.java:126)
	at org.springframework.security.web.access.ExceptionTranslationFilter.doFilter(ExceptionTranslationFilter.java:120)
	at org.springframework.security.web.FilterChainProxy$VirtualFilterChain.doFilter(FilterChainProxy.java:374)
	at org.springframework.security.web.session.SessionManagementFilter.doFilter(SessionManagementFilter.java:131)
	at org.springframework.security.web.session.SessionManagementFilter.doFilter(SessionManagementFilter.java:85)
	at org.springframework.security.web.FilterChainProxy$VirtualFilterChain.doFilter(FilterChainProxy.java:374)
	at org.springframework.security.web.authentication.AnonymousAuthenticationFilter.doFilter(AnonymousAuthenticationFilter.java:100)
	at org.springframework.security.web.FilterChainProxy$VirtualFilterChain.doFilter(FilterChainProxy.java:374)
	at org.springframework.security.web.servletapi.SecurityContextHolderAwareRequestFilter.doFilter(SecurityContextHolderAwareRequestFilter.java:179)
	at org.springframework.security.web.FilterChainProxy$VirtualFilterChain.doFilter(FilterChainProxy.java:374)
	at org.springframework.security.web.savedrequest.RequestCacheAwareFilter.doFilter(RequestCacheAwareFilter.java:63)
	at org.springframework.security.web.FilterChainProxy$VirtualFilterChain.doFilter(FilterChainProxy.java:374)
	at com.celebritysystems.config.JwtAuthenticationFilter.doFilterInternal(JwtAuthenticationFilter.java:63)
	at org.springframework.web.filter.OncePerRequestFilter.doFilter(OncePerRequestFilter.java:116)
	at org.springframework.security.web.FilterChainProxy$VirtualFilterChain.doFilter(FilterChainProxy.java:374)
	at org.springframework.security.web.authentication.logout.LogoutFilter.doFilter(LogoutFilter.java:107)
	at org.springframework.security.web.authentication.logout.LogoutFilter.doFilter(LogoutFilter.java:93)
	at org.springframework.security.web.FilterChainProxy$VirtualFilterChain.doFilter(FilterChainProxy.java:374)
	at org.springframework.web.filter.CorsFilter.doFilterInternal(CorsFilter.java:91)
	at org.springframework.web.filter.OncePerRequestFilter.doFilter(OncePerRequestFilter.java:116)
	at org.springframework.security.web.FilterChainProxy$VirtualFilterChain.doFilter(FilterChainProxy.java:374)
	at org.springframework.security.web.header.HeaderWriterFilter.doHeadersAfter(HeaderWriterFilter.java:90)
	at org.springframework.security.web.header.HeaderWriterFilter.doFilterInternal(HeaderWriterFilter.java:75)
	at org.springframework.web.filter.OncePerRequestFilter.doFilter(OncePerRequestFilter.java:116)
	at org.springframework.security.web.FilterChainProxy$VirtualFilterChain.doFilter(FilterChainProxy.java:374)
	at org.springframework.security.web.context.SecurityContextHolderFilter.doFilter(SecurityContextHolderFilter.java:82)
	at org.springframework.security.web.context.SecurityContextHolderFilter.doFilter(SecurityContextHolderFilter.java:69)
	at org.springframework.security.web.FilterChainProxy$VirtualFilterChain.doFilter(FilterChainProxy.java:374)
	at org.springframework.security.web.context.request.async.WebAsyncManagerIntegrationFilter.doFilterInternal(WebAsyncManagerIntegrationFilter.java:62)
	at org.springframework.web.filter.OncePerRequestFilter.doFilter(OncePerRequestFilter.java:116)
	at org.springframework.security.web.FilterChainProxy$VirtualFilterChain.doFilter(FilterChainProxy.java:374)
	at org.springframework.security.web.session.DisableEncodeUrlFilter.doFilterInternal(DisableEncodeUrlFilter.java:42)
	at org.springframework.web.filter.OncePerRequestFilter.doFilter(OncePerRequestFilter.java:116)
	at org.springframework.security.web.FilterChainProxy$VirtualFilterChain.doFilter(FilterChainProxy.java:374)
	at org.springframework.security.web.FilterChainProxy.doFilterInternal(FilterChainProxy.java:233)
	at org.springframework.security.web.FilterChainProxy.doFilter(FilterChainProxy.java:191)
	at org.springframework.web.filter.CompositeFilter$VirtualFilterChain.doFilter(CompositeFilter.java:113)
	at org.springframework.web.servlet.handler.HandlerMappingIntrospector.lambda$createCacheFilter$3(HandlerMappingIntrospector.java:243)
	at org.springframework.web.filter.CompositeFilter$VirtualFilterChain.doFilter(CompositeFilter.java:113)
	at org.springframework.web.filter.CompositeFilter.doFilter(CompositeFilter.java:74)
	at org.springframework.security.config.annotation.web.configuration.WebMvcSecurityConfiguration$CompositeFilterChainProxy.doFilter(WebMvcSecurityConfiguration.java:238)
	at org.springframework.web.filter.DelegatingFilterProxy.invokeDelegate(DelegatingFilterProxy.java:362)
	at org.springframework.web.filter.DelegatingFilterProxy.doFilter(DelegatingFilterProxy.java:278)
	at org.apache.catalina.core.ApplicationFilterChain.internalDoFilter(ApplicationFilterChain.java:164)
	at org.apache.catalina.core.ApplicationFilterChain.doFilter(ApplicationFilterChain.java:140)
	at org.springframework.web.filter.RequestContextFilter.doFilterInternal(RequestContextFilter.java:100)
	at org.springframework.web.filter.OncePerRequestFilter.doFilter(OncePerRequestFilter.java:116)
	at org.apache.catalina.core.ApplicationFilterChain.internalDoFilter(ApplicationFilterChain.java:164)
	at org.apache.catalina.core.ApplicationFilterChain.doFilter(ApplicationFilterChain.java:140)
	at org.springframework.web.filter.FormContentFilter.doFilterInternal(FormContentFilter.java:93)
	at org.springframework.web.filter.OncePerRequestFilter.doFilter(OncePerRequestFilter.java:116)
	at org.apache.catalina.core.ApplicationFilterChain.internalDoFilter(ApplicationFilterChain.java:164)
	at org.apache.catalina.core.ApplicationFilterChain.doFilter(ApplicationFilterChain.java:140)
	at org.springframework.web.filter.CharacterEncodingFilter.doFilterInternal(CharacterEncodingFilter.java:201)
	at org.springframework.web.filter.OncePerRequestFilter.doFilter(OncePerRequestFilter.java:116)
	at org.apache.catalina.core.ApplicationFilterChain.internalDoFilter(ApplicationFilterChain.java:164)
	at org.apache.catalina.core.ApplicationFilterChain.doFilter(ApplicationFilterChain.java:140)
	at org.apache.catalina.core.StandardWrapperValve.invoke(StandardWrapperValve.java:167)
	at org.apache.catalina.core.StandardContextValve.invoke(StandardContextValve.java:90)
	at org.apache.catalina.authenticator.AuthenticatorBase.invoke(AuthenticatorBase.java:483)
	at org.apache.catalina.core.StandardHostValve.invoke(StandardHostValve.java:116)
	at org.apache.catalina.valves.ErrorReportValve.invoke(ErrorReportValve.java:93)
	at org.apache.catalina.core.StandardEngineValve.invoke(StandardEngineValve.java:74)
	at org.apache.catalina.connector.CoyoteAdapter.service(CoyoteAdapter.java:344)
	at org.apache.coyote.http11.Http11Processor.service(Http11Processor.java:398)
	at org.apache.coyote.AbstractProcessorLight.process(AbstractProcessorLight.java:63)
	at org.apache.coyote.AbstractProtocol$ConnectionHandler.process(AbstractProtocol.java:903)
	at org.apache.tomcat.util.net.NioEndpoint$SocketProcessor.doRun(NioEndpoint.java:1740)
	at org.apache.tomcat.util.net.SocketProcessorBase.run(SocketProcessorBase.java:52)
	at org.apache.tomcat.util.threads.ThreadPoolExecutor.runWorker(ThreadPoolExecutor.java:1189)
	at org.apache.tomcat.util.threads.ThreadPoolExecutor$Worker.run(ThreadPoolExecutor.java:658)
	at org.apache.tomcat.util.threads.TaskThread$WrappingRunnable.run(TaskThread.java:63)
	at java.base/java.lang.Thread.run(Thread.java:1583)
Caused by: org.hibernate.exception.ConstraintViolationException: could not execute statement [Duplicate entry '7ccef77b-76ca-44f1-a362-06b44544df73' for key 'UKpsfb18v1ityecxvh3x7thgkwx'] [update users set can_edit=?,can_read=?,company_id=?,created_at=?,email=?,full_name=?,password=?,player_id=?,role=?,updated_at=?,username=? where id=?]
	at org.hibernate.dialect.MySQLDialect.lambda$buildSQLExceptionConversionDelegate$3(MySQLDialect.java:1245)
	at org.hibernate.exception.internal.StandardSQLExceptionConverter.convert(StandardSQLExceptionConverter.java:58)
	at org.hibernate.engine.jdbc.spi.SqlExceptionHelper.convert(SqlExceptionHelper.java:108)
	at org.hibernate.engine.jdbc.internal.ResultSetReturnImpl.executeUpdate(ResultSetReturnImpl.java:197)
	at org.hibernate.engine.jdbc.mutation.internal.AbstractMutationExecutor.performNonBatchedMutation(AbstractMutationExecutor.java:134)
	at org.hibernate.engine.jdbc.mutation.internal.MutationExecutorSingleNonBatched.performNonBatchedOperations(MutationExecutorSingleNonBatched.java:55)
	at org.hibernate.engine.jdbc.mutation.internal.AbstractMutationExecutor.execute(AbstractMutationExecutor.java:55)
	at org.hibernate.persister.entity.mutation.UpdateCoordinatorStandard.doStaticUpdate(UpdateCoordinatorStandard.java:781)
	at org.hibernate.persister.entity.mutation.UpdateCoordinatorStandard.performUpdate(UpdateCoordinatorStandard.java:328)
	at org.hibernate.persister.entity.mutation.UpdateCoordinatorStandard.update(UpdateCoordinatorStandard.java:245)
	at org.hibernate.action.internal.EntityUpdateAction.execute(EntityUpdateAction.java:169)
	at org.hibernate.engine.spi.ActionQueue.executeActions(ActionQueue.java:644)
	at org.hibernate.engine.spi.ActionQueue.executeActions(ActionQueue.java:511)
	at org.hibernate.event.internal.AbstractFlushingEventListener.performExecutions(AbstractFlushingEventListener.java:414)
	at org.hibernate.event.internal.DefaultFlushEventListener.onFlush(DefaultFlushEventListener.java:41)
	at org.hibernate.event.service.internal.EventListenerGroupImpl.fireEventOnEachListener(EventListenerGroupImpl.java:127)
	at org.hibernate.internal.SessionImpl.doFlush(SessionImpl.java:1429)
	at org.hibernate.internal.SessionImpl.managedFlush(SessionImpl.java:491)
	at org.hibernate.internal.SessionImpl.flushBeforeTransactionCompletion(SessionImpl.java:2354)
	at org.hibernate.internal.SessionImpl.beforeTransactionCompletion(SessionImpl.java:1978)
	at org.hibernate.engine.jdbc.internal.JdbcCoordinatorImpl.beforeTransactionCompletion(JdbcCoordinatorImpl.java:439)
	at org.hibernate.resource.transaction.backend.jdbc.internal.JdbcResourceLocalTransactionCoordinatorImpl.beforeCompletionCallback(JdbcResourceLocalTransactionCoordinatorImpl.java:169)
	at org.hibernate.resource.transaction.backend.jdbc.internal.JdbcResourceLocalTransactionCoordinatorImpl$TransactionDriverControlImpl.commit(JdbcResourceLocalTransactionCoordinatorImpl.java:267)
	at org.hibernate.engine.transaction.internal.TransactionImpl.commit(TransactionImpl.java:101)
	at org.springframework.orm.jpa.JpaTransactionManager.doCommit(JpaTransactionManager.java:562)
	... 110 common frames omitted
Caused by: java.sql.SQLIntegrityConstraintViolationException: Duplicate entry '7ccef77b-76ca-44f1-a362-06b44544df73' for key 'UKpsfb18v1ityecxvh3x7thgkwx'
	at com.mysql.cj.jdbc.exceptions.SQLError.createSQLException(SQLError.java:109)
	at com.mysql.cj.jdbc.exceptions.SQLExceptionsMapping.translateException(SQLExceptionsMapping.java:114)
	at com.mysql.cj.jdbc.ClientPreparedStatement.executeInternal(ClientPreparedStatement.java:988)
	at com.mysql.cj.jdbc.ClientPreparedStatement.executeUpdateInternal(ClientPreparedStatement.java:1166)
	at com.mysql.cj.jdbc.ClientPreparedStatement.executeUpdateInternal(ClientPreparedStatement.java:1101)
	at com.mysql.cj.jdbc.ClientPreparedStatement.executeLargeUpdate(ClientPreparedStatement.java:1467)
	at com.mysql.cj.jdbc.ClientPreparedStatement.executeUpdate(ClientPreparedStatement.java:1084)
	at com.zaxxer.hikari.pool.ProxyPreparedStatement.executeUpdate(ProxyPreparedStatement.java:61)
	at com.zaxxer.hikari.pool.HikariProxyPreparedStatement.executeUpdate(HikariProxyPreparedStatement.java)
	at org.hibernate.engine.jdbc.internal.ResultSetReturnImpl.executeUpdate(ResultSetReturnImpl.java:194)
	... 131 common frames omitted

2025-09-09 21:30:02 INFO  c.c.controller.CompanyController - Fetching company by ID: 1 
2025-09-09 21:30:03 INFO  c.c.controller.TicketController - Received request to getTicketsByCompanyId with Id: 1 
2025-09-09 21:30:03 INFO  c.c.controller.ContractController - Fetching active screens for company: 1 
2025-09-09 21:30:03 INFO  c.c.service.impl.ContractServiceImpl - Fetching active screens for company: 1 
2025-09-09 21:30:08 INFO  c.c.controller.CompanyController - Fetching company by ID: 1 
2025-09-09 21:30:10 INFO  c.c.service.impl.ContractServiceImpl - Fetching contracts for company: 1 
2025-09-09 21:31:39 INFO  c.c.controller.ContractController - Fetching active screens for company: 1 
2025-09-09 21:31:39 INFO  c.c.service.impl.ContractServiceImpl - Fetching active screens for company: 1 
2025-09-09 21:34:42 INFO  c.c.controller.CompanyController - Fetching company by ID: 1 
2025-09-09 21:34:43 INFO  c.c.service.impl.ContractServiceImpl - Fetching contracts for company: 1 
2025-09-09 21:35:49 INFO  c.c.controller.ContractController - Fetching active screens for company: 1 
2025-09-09 21:35:49 INFO  c.c.service.impl.ContractServiceImpl - Fetching active screens for company: 1 
2025-09-09 21:35:53 INFO  c.c.controller.ContractController - Fetching active screens for company: 1 
2025-09-09 21:35:53 INFO  c.c.service.impl.ContractServiceImpl - Fetching active screens for company: 1 
2025-09-09 21:36:05 INFO  c.c.controller.CompanyController - Fetching company by ID: 1 
2025-09-09 21:36:07 INFO  c.c.service.impl.ContractServiceImpl - Fetching contracts for company: 1 
2025-09-09 21:42:44 INFO  c.c.controller.ContractController - Fetching active screens for company: 1 
2025-09-09 21:42:44 INFO  c.c.service.impl.ContractServiceImpl - Fetching active screens for company: 1 
2025-09-09 21:42:54 INFO  c.c.controller.TicketController - Received request to getTicketsByCompanyId with Id: 1 
2025-09-09 21:42:54 INFO  c.c.controller.ContractController - Fetching active screens for company: 1 
2025-09-09 21:42:54 INFO  c.c.service.impl.ContractServiceImpl - Fetching active screens for company: 1 
2025-09-09 21:43:29 INFO  c.c.controller.TicketController - Received request to getTicketsByCompanyId with Id: 1 
2025-09-09 21:43:30 INFO  c.c.controller.ContractController - Fetching active screens for company: 1 
2025-09-09 21:43:30 INFO  c.c.service.impl.ContractServiceImpl - Fetching active screens for company: 1 
2025-09-09 21:45:13 INFO  c.c.controller.CompanyController - Fetching company by ID: 1 
2025-09-09 21:45:15 INFO  c.c.service.impl.ContractServiceImpl - Fetching contracts for company: 1 
2025-09-09 21:46:15 INFO  o.s.api.AbstractOpenApiResource - Init duration for springdoc-openapi is: 2310 ms 
2025-09-09 21:46:57 INFO  c.c.AuthControllers.AuthController - Login attempt received for email: admin@gmail.com 
2025-09-09 21:46:57 INFO  c.c.AuthControllers.AuthController - Login successful for email: admin@gmail.com 
2025-09-09 21:49:00 INFO  c.c.controller.TicketController - Received request to getTicketsByCompanyId with Id: 1 
2025-09-09 21:49:00 INFO  c.c.controller.ContractController - Fetching active screens for company: 1 
2025-09-09 21:49:00 INFO  c.c.service.impl.ContractServiceImpl - Fetching active screens for company: 1 
2025-09-09 21:49:06 INFO  c.c.controller.CompanyController - Fetching company by ID: 1 
2025-09-09 21:50:20 INFO  c.c.controller.TicketController - Received request to getTicketsByCompanyId with Id: 1 
2025-09-09 21:50:20 INFO  c.c.controller.ContractController - Fetching active screens for company: 1 
2025-09-09 21:50:20 INFO  c.c.service.impl.ContractServiceImpl - Fetching active screens for company: 1 
2025-09-09 22:09:18 INFO  c.c.controller.TicketController - Received request to getTicketsByCompanyId with Id: 1 
2025-09-09 22:09:38 INFO  c.c.controller.ContractController - Fetching active screens for company: 1 
2025-09-09 22:09:38 INFO  c.c.service.impl.ContractServiceImpl - Fetching active screens for company: 1 
2025-09-09 22:09:41 INFO  c.c.controller.TicketController - Received request to getTicketsByCompanyId with Id: 1 
2025-09-09 22:09:41 INFO  c.c.controller.ContractController - Fetching active screens for company: 1 
2025-09-09 22:09:41 INFO  c.c.service.impl.ContractServiceImpl - Fetching active screens for company: 1 
2025-09-09 22:10:28 INFO  c.c.controller.TicketController - Received request to getTicketsByCompanyId with Id: 1 
2025-09-09 22:10:28 INFO  c.c.controller.ContractController - Fetching active screens for company: 1 
2025-09-09 22:10:28 INFO  c.c.service.impl.ContractServiceImpl - Fetching active screens for company: 1 
2025-09-09 22:10:38 INFO  c.c.controller.ContractController - Fetching active screens for company: 1 
2025-09-09 22:10:38 INFO  c.c.service.impl.ContractServiceImpl - Fetching active screens for company: 1 
2025-09-09 22:10:39 INFO  c.c.controller.TicketController - Received request to get tickets with worker reports for screen ID: 15 
2025-09-09 22:10:39 INFO  c.c.service.impl.TicketServiceImpl - Fetching tickets with worker reports for screen ID: 15 
2025-09-09 22:10:40 INFO  c.c.controller.TicketController - Successfully retrieved 8 tickets with worker reports for screen ID: 15 
2025-09-09 22:11:37 INFO  c.c.controller.ContractController - Fetching active screens for company: 1 
2025-09-09 22:11:37 INFO  c.c.service.impl.ContractServiceImpl - Fetching active screens for company: 1 
2025-09-09 22:12:04 INFO  c.c.controller.TicketController - Getting ticket analytics summary for screens: [15], period: 2025-08-01 to 2025-09-30 
2025-09-09 22:12:17 INFO  c.c.controller.ReportingController - Received request to generate report: ReportingRequestDTO(screenIds=[15], startDate=2025-08-01, endDate=2025-09-30, components=null, reportType=SUMMARY) 
2025-09-09 22:12:17 INFO  c.c.s.impl.ReportingServiceImpl - Generating report for request: ReportingRequestDTO(screenIds=[15], startDate=2025-08-01, endDate=2025-09-30, components=null, reportType=SUMMARY) 
2025-09-09 22:12:17 INFO  c.c.s.impl.ReportingServiceImpl - Getting component changes summary for screens: [15], date range: 2025-08-01 to 2025-09-30 
2025-09-09 22:12:17 INFO  c.c.controller.ReportingController - Successfully generated report for type: SUMMARY 
2025-09-09 22:12:24 INFO  c.c.controller.CompanyController - Fetching company by ID: 1 
2025-09-09 22:12:49 INFO  c.c.service.impl.ContractServiceImpl - Fetching contracts for company: 1 
2025-09-09 22:17:50 INFO  c.c.controller.TicketController - Received request to getTicketsByCompanyId with Id: 1 
2025-09-09 22:17:50 INFO  c.c.controller.ContractController - Fetching active screens for company: 1 
2025-09-09 22:17:50 INFO  c.c.service.impl.ContractServiceImpl - Fetching active screens for company: 1 
2025-09-09 22:17:53 INFO  c.c.controller.CompanyController - Fetching company by ID: 1 
2025-09-09 22:17:55 INFO  c.c.service.impl.ContractServiceImpl - Fetching contracts for company: 1 
2025-09-09 22:41:10 INFO  c.c.controller.ContractController - Fetching active screens for company: 1 
2025-09-09 22:41:10 INFO  c.c.controller.TicketController - Received request to getTicketsByCompanyId with Id: 1 
2025-09-09 22:41:10 INFO  c.c.service.impl.ContractServiceImpl - Fetching active screens for company: 1 
2025-09-09 22:41:22 INFO  o.s.b.w.e.tomcat.GracefulShutdown - Commencing graceful shutdown. Waiting for active requests to complete 
2025-09-09 22:41:22 INFO  o.s.b.w.e.tomcat.GracefulShutdown - Graceful shutdown complete 
2025-09-09 22:41:22 INFO  o.s.o.j.LocalContainerEntityManagerFactoryBean - Closing JPA EntityManagerFactory for persistence unit 'default' 
2025-09-09 22:41:22 INFO  com.zaxxer.hikari.HikariDataSource - HikariPool-1 - Shutdown initiated... 
2025-09-09 22:41:22 INFO  com.zaxxer.hikari.HikariDataSource - HikariPool-1 - Shutdown completed. 
