2025-09-10 02:10:10 INFO  com.celebritysystems.Main - Starting Main using Java 21.0.7 with PID 26856 (C:\Users\samia\Spring Boot Projects\celebritysystems-backend\target\classes started by samia in C:\Users\samia\Spring Boot Projects\celebritysystems-backend) 
2025-09-10 02:10:10 INFO  com.celebritysystems.Main - No active profile set, falling back to 1 default profile: "default" 
2025-09-10 02:10:11 INFO  o.s.d.r.c.RepositoryConfigurationDelegate - Bootstrapping Spring Data JPA repositories in DEFAULT mode. 
2025-09-10 02:10:11 INFO  o.s.d.r.c.RepositoryConfigurationDelegate - Finished Spring Data repository scanning in 97 ms. Found 10 JPA repository interfaces. 
2025-09-10 02:10:12 INFO  o.s.b.w.e.tomcat.TomcatWebServer - Tomcat initialized with port 8080 (http) 
2025-09-10 02:10:12 INFO  o.a.coyote.http11.Http11NioProtocol - Initializing ProtocolHandler ["http-nio-8080"] 
2025-09-10 02:10:12 INFO  o.a.catalina.core.StandardService - Starting service [Tomcat] 
2025-09-10 02:10:12 INFO  o.a.catalina.core.StandardEngine - Starting Servlet engine: [Apache Tomcat/10.1.40] 
2025-09-10 02:10:12 INFO  o.a.c.c.C.[Tomcat].[localhost].[/] - Initializing Spring embedded WebApplicationContext 
2025-09-10 02:10:12 INFO  o.s.b.w.s.c.ServletWebServerApplicationContext - Root WebApplicationContext: initialization completed in 2180 ms 
2025-09-10 02:10:13 INFO  o.s.o.j.p.SpringPersistenceUnitInfo - No LoadTimeWeaver setup: ignoring JPA class transformer 
2025-09-10 02:10:13 INFO  com.zaxxer.hikari.HikariDataSource - HikariPool-1 - Starting... 
2025-09-10 02:10:13 INFO  com.zaxxer.hikari.pool.HikariPool - HikariPool-1 - Added connection com.mysql.cj.jdbc.ConnectionImpl@145fe8ab 
2025-09-10 02:10:13 INFO  com.zaxxer.hikari.HikariDataSource - HikariPool-1 - Start completed. 
2025-09-10 02:10:15 INFO  o.s.o.j.LocalContainerEntityManagerFactoryBean - Initialized JPA EntityManagerFactory for persistence unit 'default' 
2025-09-10 02:10:15 INFO  o.s.d.j.r.query.QueryEnhancerFactory - Hibernate is in classpath; If applicable, HQL parser will be used. 
2025-09-10 02:10:16 INFO  c.celebritysystems.config.S3Config - Configuring S3Client with endpoint: https://nbg1.your-objectstorage.com, region: eu-central 
2025-09-10 02:10:16 INFO  c.celebritysystems.config.S3Config - Configuring S3Presigner with endpoint: https://nbg1.your-objectstorage.com, region: eu-central 
2025-09-10 02:10:17 WARN  o.s.b.a.o.j.JpaBaseConfiguration$JpaWebConfiguration - spring.jpa.open-in-view is enabled by default. Therefore, database queries may be performed during view rendering. Explicitly configure spring.jpa.open-in-view to disable this warning 
2025-09-10 02:10:17 INFO  o.s.s.c.a.a.c.InitializeUserDetailsBeanManagerConfigurer$InitializeUserDetailsManagerConfigurer - Global AuthenticationManager configured with UserDetailsService bean with name inMemoryUserDetailsManager 
2025-09-10 02:10:17 INFO  o.a.coyote.http11.Http11NioProtocol - Starting ProtocolHandler ["http-nio-8080"] 
2025-09-10 02:10:17 INFO  o.s.b.w.e.tomcat.TomcatWebServer - Tomcat started on port 8080 (http) with context path '/' 
2025-09-10 02:10:18 INFO  com.celebritysystems.Main - Started Main in 8.009 seconds (process running for 10.098) 
2025-09-10 02:30:15 INFO  o.a.c.c.C.[Tomcat].[localhost].[/] - Initializing Spring DispatcherServlet 'dispatcherServlet' 
2025-09-10 02:30:15 INFO  o.s.web.servlet.DispatcherServlet - Initializing Servlet 'dispatcherServlet' 
2025-09-10 02:30:15 INFO  o.s.web.servlet.DispatcherServlet - Completed initialization in 16 ms 
2025-09-10 02:30:15 INFO  c.c.AuthControllers.AuthController - Login attempt received for email: admin@gmail.com 
2025-09-10 02:30:15 INFO  c.c.AuthControllers.AuthController - Login successful for email: admin@gmail.com 
2025-09-10 02:30:15 INFO  c.c.service.impl.ContractServiceImpl - Calculating total contract value 
2025-09-10 02:30:15 INFO  c.c.AuthControllers.AuthController - Fetching all users 
2025-09-10 02:30:15 INFO  c.c.controller.TicketController - Received request to get total tickets count 
2025-09-10 02:30:15 INFO  c.c.controller.TicketController - Received request to get ticket counts by status 
2025-09-10 02:30:15 INFO  c.c.service.impl.ContractServiceImpl - Calculating total contract value 
2025-09-10 02:30:16 INFO  c.c.controller.TicketController - Successfully retrieved ticket counts by status 
2025-09-10 02:30:16 INFO  c.c.controller.TicketController - Successfully retrieved total tickets count: 8 
2025-09-10 02:30:16 INFO  c.c.controller.TicketController - Received request to get ticket counts by status 
2025-09-10 02:30:16 INFO  c.c.controller.TicketController - Successfully retrieved ticket counts by status 
2025-09-10 02:30:16 INFO  c.c.controller.TicketController - Received request to get total tickets count 
2025-09-10 02:30:16 INFO  c.c.controller.TicketController - Successfully retrieved total tickets count: 8 
2025-09-10 02:30:16 INFO  c.c.AuthControllers.AuthController - Fetching all users 
2025-09-10 02:30:34 INFO  c.c.controller.CompanyController - Fetching companies page 0 with size 10 
2025-09-10 02:30:34 WARN  o.s.d.w.c.SpringDataJacksonConfiguration$PageModule$WarningLoggingModifier - Serializing PageImpl instances as-is is not supported, meaning that there is no guarantee about the stability of the resulting JSON structure!
	For a stable JSON structure, please use Spring Data's PagedModel (globally via @EnableSpringDataWebSupport(pageSerializationMode = VIA_DTO))
	or Spring HATEOAS and Spring Data's PagedResourcesAssembler as documented in https://docs.spring.io/spring-data/commons/reference/repositories/core-extensions.html#core.web.pageables.
 
2025-09-10 02:30:34 INFO  c.c.controller.CompanyController - Fetching companies page 0 with size 10 
2025-09-10 02:32:00 INFO  o.s.api.AbstractOpenApiResource - Init duration for springdoc-openapi is: 1636 ms 
2025-09-10 02:35:19 INFO  c.c.AuthControllers.AuthController - Login attempt received for email: admin@gmail.com 
2025-09-10 02:35:19 INFO  c.c.AuthControllers.AuthController - Login successful for email: admin@gmail.com 
2025-09-10 02:35:43 INFO  c.c.controller.SubContractController - Received SubContract request for page: 1 
2025-09-10 02:36:44 INFO  c.c.controller.SubContractController - Fetching SubContracts for controller company id: 1 
2025-09-10 02:36:53 INFO  c.c.controller.SubContractController - Fetching SubContracts for controller company id: 4 
2025-09-10 02:37:21 INFO  c.c.controller.CompanyController - Fetching companies page 0 with size 10 
2025-09-10 02:37:21 INFO  c.c.controller.CompanyController - Fetching companies page 0 with size 10 
2025-09-10 02:38:00 INFO  c.c.controller.CompanyController - Searching for companies with name containing: mtm 
2025-09-10 02:38:00 INFO  c.c.controller.CompanyController - Found 0 companies matching: mtm 
2025-09-10 02:38:02 INFO  c.c.controller.CompanyController - Searching for companies with name containing: mtn 
2025-09-10 02:38:02 INFO  c.c.controller.CompanyController - Found 1 companies matching: mtn 
2025-09-10 02:38:05 INFO  c.c.controller.CompanyController - Searching for companies with name containing: MTN 
2025-09-10 02:38:05 INFO  c.c.controller.CompanyController - Found 1 companies matching: MTN 
2025-09-10 02:38:54 INFO  c.c.controller.ContractController - Fetching contracts page 0 with size 10 
2025-09-10 02:38:54 INFO  c.c.service.impl.ContractServiceImpl - Fetching contracts page: 0 with size: 10 
2025-09-10 02:38:54 INFO  c.c.controller.ContractController - Fetching contracts page 0 with size 10 
2025-09-10 02:38:54 INFO  c.c.service.impl.ContractServiceImpl - Fetching contracts page: 0 with size: 10 
2025-09-10 02:38:54 INFO  c.c.controller.ContractController - Fetching contracts page 0 with size 10 
2025-09-10 02:38:54 INFO  c.c.service.impl.ContractServiceImpl - Fetching contracts page: 0 with size: 10 
2025-09-10 02:39:13 INFO  c.c.controller.CompanyController - Fetching companies page 0 with size 10 
2025-09-10 02:39:13 INFO  c.c.controller.CompanyController - Fetching companies page 0 with size 10 
2025-09-10 02:39:48 INFO  c.c.controller.CompanyController - Searching for companies with name containing: mtn 
2025-09-10 02:39:48 INFO  c.c.controller.CompanyController - Found 1 companies matching: mtn 
2025-09-10 02:39:51 INFO  c.c.controller.CompanyController - Searching for companies with name containing: MTN 
2025-09-10 02:39:51 INFO  c.c.controller.ContractController - Searching contracts by company name: MTN 
2025-09-10 02:39:51 INFO  c.c.service.impl.ContractServiceImpl - Searching contracts by company name: MTN 
2025-09-10 02:39:51 INFO  c.c.controller.CompanyController - Found 1 companies matching: MTN 
2025-09-10 02:39:53 INFO  c.c.controller.ContractController - Searching contracts by company name: MTN 
2025-09-10 02:39:53 INFO  c.c.service.impl.ContractServiceImpl - Searching contracts by company name: MTN 
2025-09-10 02:40:02 INFO  c.c.controller.CompanyController - Searching for companies with name containing: mtn 
2025-09-10 02:40:02 INFO  c.c.controller.CompanyController - Found 1 companies matching: mtn 
2025-09-10 02:40:34 INFO  c.c.controller.SubContractController - Received SubContract request for page: 0 
2025-09-10 02:40:34 INFO  c.c.controller.SubContractController - Received SubContract request for page: 0 
2025-09-10 02:41:13 INFO  c.c.controller.CompanyController - Searching for companies with name containing: mtn 
2025-09-10 02:41:13 INFO  c.c.controller.CompanyController - Found 1 companies matching: mtn 
2025-09-10 02:46:32 INFO  c.c.controller.TicketController - Received request to get total tickets count 
2025-09-10 02:46:32 INFO  c.c.AuthControllers.AuthController - Fetching all users 
2025-09-10 02:46:32 INFO  c.c.controller.TicketController - Received request to get ticket counts by status 
2025-09-10 02:46:32 INFO  c.c.service.impl.ContractServiceImpl - Calculating total contract value 
2025-09-10 02:46:32 INFO  c.c.controller.TicketController - Successfully retrieved total tickets count: 8 
2025-09-10 02:46:32 INFO  c.c.controller.TicketController - Successfully retrieved ticket counts by status 
2025-09-10 02:46:32 INFO  c.c.controller.TicketController - Received request to get total tickets count 
2025-09-10 02:46:32 INFO  c.c.service.impl.ContractServiceImpl - Calculating total contract value 
2025-09-10 02:46:32 INFO  c.c.AuthControllers.AuthController - Fetching all users 
2025-09-10 02:46:32 INFO  c.c.controller.TicketController - Received request to get ticket counts by status 
2025-09-10 02:46:32 INFO  c.c.controller.TicketController - Successfully retrieved total tickets count: 8 
2025-09-10 02:46:32 INFO  c.c.controller.TicketController - Successfully retrieved ticket counts by status 
2025-09-10 02:46:40 INFO  c.c.controller.CompanyController - Searching for companies with name containing: kkk 
2025-09-10 02:46:40 INFO  c.c.controller.CompanyController - Found 1 companies matching: kkk 
2025-09-10 02:46:43 INFO  c.c.controller.ContractController - Searching contracts by company name: kkk 
2025-09-10 02:46:43 INFO  c.c.service.impl.ContractServiceImpl - Searching contracts by company name: kkk 
2025-09-10 02:46:46 INFO  c.c.controller.CompanyController - Searching for companies with name containing: mtn 
2025-09-10 02:46:46 INFO  c.c.controller.CompanyController - Found 1 companies matching: mtn 
2025-09-10 02:48:50 INFO  c.c.controller.CompanyController - Searching for companies with name containing: mtn 
2025-09-10 02:48:50 INFO  c.c.controller.CompanyController - Found 1 companies matching: mtn 
2025-09-10 02:48:52 INFO  c.c.controller.CompanyController - Searching for companies with name containing: MTN 
2025-09-10 02:48:52 INFO  c.c.controller.CompanyController - Found 1 companies matching: MTN 
2025-09-10 02:48:57 INFO  c.c.controller.SubContractController - Received SubContract request: SubContractRequestDTO(mainCompanyId=1, controllerCompanyId=4, contractId=2, createdAt=2025-09-01, expiredAt=2025-09-30) 
2025-09-10 02:48:57 INFO  c.c.controller.SubContractController - Received SubContract request for page: 0 
2025-09-10 02:48:57 INFO  c.c.controller.SubContractController - Received SubContract request for page: 0 
2025-09-10 02:49:07 INFO  c.c.controller.SubContractController - Received SubContract request for page: 1 
2025-09-10 02:49:13 INFO  c.c.controller.SubContractController - Received SubContract request for page: 0 
2025-09-10 02:49:40 INFO  c.c.controller.SubContractController - Fetching SubContract with id: 1 
2025-09-10 02:49:40 ERROR c.c.controller.SubContractController - Error fetching SubContract with id: 1 java.lang.RuntimeException: SubContract not found with id: 1
	at com.celebritysystems.service.impl.SubContractServiceImpl.lambda$getSubContractById$7(SubContractServiceImpl.java:102)
	at java.base/java.util.Optional.orElseThrow(Optional.java:403)
	at com.celebritysystems.service.impl.SubContractServiceImpl.getSubContractById(SubContractServiceImpl.java:102)
	at com.celebritysystems.controller.SubContractController.getSubContractById(SubContractController.java:63)
	at java.base/jdk.internal.reflect.DirectMethodHandleAccessor.invoke(DirectMethodHandleAccessor.java:103)
	at java.base/java.lang.reflect.Method.invoke(Method.java:580)
	at org.springframework.web.method.support.InvocableHandlerMethod.doInvoke(InvocableHandlerMethod.java:258)
	at org.springframework.web.method.support.InvocableHandlerMethod.invokeForRequest(InvocableHandlerMethod.java:191)
	at org.springframework.web.servlet.mvc.method.annotation.ServletInvocableHandlerMethod.invokeAndHandle(ServletInvocableHandlerMethod.java:118)
	at org.springframework.web.servlet.mvc.method.annotation.RequestMappingHandlerAdapter.invokeHandlerMethod(RequestMappingHandlerAdapter.java:986)
	at org.springframework.web.servlet.mvc.method.annotation.RequestMappingHandlerAdapter.handleInternal(RequestMappingHandlerAdapter.java:891)
	at org.springframework.web.servlet.mvc.method.AbstractHandlerMethodAdapter.handle(AbstractHandlerMethodAdapter.java:87)
	at org.springframework.web.servlet.DispatcherServlet.doDispatch(DispatcherServlet.java:1089)
	at org.springframework.web.servlet.DispatcherServlet.doService(DispatcherServlet.java:979)
	at org.springframework.web.servlet.FrameworkServlet.processRequest(FrameworkServlet.java:1014)
	at org.springframework.web.servlet.FrameworkServlet.doGet(FrameworkServlet.java:903)
	at jakarta.servlet.http.HttpServlet.service(HttpServlet.java:564)
	at org.springframework.web.servlet.FrameworkServlet.service(FrameworkServlet.java:885)
	at jakarta.servlet.http.HttpServlet.service(HttpServlet.java:658)
	at org.apache.catalina.core.ApplicationFilterChain.internalDoFilter(ApplicationFilterChain.java:195)
	at org.apache.catalina.core.ApplicationFilterChain.doFilter(ApplicationFilterChain.java:140)
	at org.apache.tomcat.websocket.server.WsFilter.doFilter(WsFilter.java:51)
	at org.apache.catalina.core.ApplicationFilterChain.internalDoFilter(ApplicationFilterChain.java:164)
	at org.apache.catalina.core.ApplicationFilterChain.doFilter(ApplicationFilterChain.java:140)
	at org.springframework.web.filter.CompositeFilter$VirtualFilterChain.doFilter(CompositeFilter.java:108)
	at org.springframework.security.web.FilterChainProxy.lambda$doFilterInternal$3(FilterChainProxy.java:231)
	at org.springframework.security.web.FilterChainProxy$VirtualFilterChain.doFilter(FilterChainProxy.java:365)
	at org.springframework.security.web.access.intercept.AuthorizationFilter.doFilter(AuthorizationFilter.java:101)
	at org.springframework.security.web.FilterChainProxy$VirtualFilterChain.doFilter(FilterChainProxy.java:374)
	at org.springframework.security.web.access.ExceptionTranslationFilter.doFilter(ExceptionTranslationFilter.java:126)
	at org.springframework.security.web.access.ExceptionTranslationFilter.doFilter(ExceptionTranslationFilter.java:120)
	at org.springframework.security.web.FilterChainProxy$VirtualFilterChain.doFilter(FilterChainProxy.java:374)
	at org.springframework.security.web.session.SessionManagementFilter.doFilter(SessionManagementFilter.java:131)
	at org.springframework.security.web.session.SessionManagementFilter.doFilter(SessionManagementFilter.java:85)
	at org.springframework.security.web.FilterChainProxy$VirtualFilterChain.doFilter(FilterChainProxy.java:374)
	at org.springframework.security.web.authentication.AnonymousAuthenticationFilter.doFilter(AnonymousAuthenticationFilter.java:100)
	at org.springframework.security.web.FilterChainProxy$VirtualFilterChain.doFilter(FilterChainProxy.java:374)
	at org.springframework.security.web.servletapi.SecurityContextHolderAwareRequestFilter.doFilter(SecurityContextHolderAwareRequestFilter.java:179)
	at org.springframework.security.web.FilterChainProxy$VirtualFilterChain.doFilter(FilterChainProxy.java:374)
	at org.springframework.security.web.savedrequest.RequestCacheAwareFilter.doFilter(RequestCacheAwareFilter.java:63)
	at org.springframework.security.web.FilterChainProxy$VirtualFilterChain.doFilter(FilterChainProxy.java:374)
	at com.celebritysystems.config.JwtAuthenticationFilter.doFilterInternal(JwtAuthenticationFilter.java:63)
	at org.springframework.web.filter.OncePerRequestFilter.doFilter(OncePerRequestFilter.java:116)
	at org.springframework.security.web.FilterChainProxy$VirtualFilterChain.doFilter(FilterChainProxy.java:374)
	at org.springframework.security.web.authentication.logout.LogoutFilter.doFilter(LogoutFilter.java:107)
	at org.springframework.security.web.authentication.logout.LogoutFilter.doFilter(LogoutFilter.java:93)
	at org.springframework.security.web.FilterChainProxy$VirtualFilterChain.doFilter(FilterChainProxy.java:374)
	at org.springframework.web.filter.CorsFilter.doFilterInternal(CorsFilter.java:91)
	at org.springframework.web.filter.OncePerRequestFilter.doFilter(OncePerRequestFilter.java:116)
	at org.springframework.security.web.FilterChainProxy$VirtualFilterChain.doFilter(FilterChainProxy.java:374)
	at org.springframework.security.web.header.HeaderWriterFilter.doHeadersAfter(HeaderWriterFilter.java:90)
	at org.springframework.security.web.header.HeaderWriterFilter.doFilterInternal(HeaderWriterFilter.java:75)
	at org.springframework.web.filter.OncePerRequestFilter.doFilter(OncePerRequestFilter.java:116)
	at org.springframework.security.web.FilterChainProxy$VirtualFilterChain.doFilter(FilterChainProxy.java:374)
	at org.springframework.security.web.context.SecurityContextHolderFilter.doFilter(SecurityContextHolderFilter.java:82)
	at org.springframework.security.web.context.SecurityContextHolderFilter.doFilter(SecurityContextHolderFilter.java:69)
	at org.springframework.security.web.FilterChainProxy$VirtualFilterChain.doFilter(FilterChainProxy.java:374)
	at org.springframework.security.web.context.request.async.WebAsyncManagerIntegrationFilter.doFilterInternal(WebAsyncManagerIntegrationFilter.java:62)
	at org.springframework.web.filter.OncePerRequestFilter.doFilter(OncePerRequestFilter.java:116)
	at org.springframework.security.web.FilterChainProxy$VirtualFilterChain.doFilter(FilterChainProxy.java:374)
	at org.springframework.security.web.session.DisableEncodeUrlFilter.doFilterInternal(DisableEncodeUrlFilter.java:42)
	at org.springframework.web.filter.OncePerRequestFilter.doFilter(OncePerRequestFilter.java:116)
	at org.springframework.security.web.FilterChainProxy$VirtualFilterChain.doFilter(FilterChainProxy.java:374)
	at org.springframework.security.web.FilterChainProxy.doFilterInternal(FilterChainProxy.java:233)
	at org.springframework.security.web.FilterChainProxy.doFilter(FilterChainProxy.java:191)
	at org.springframework.web.filter.CompositeFilter$VirtualFilterChain.doFilter(CompositeFilter.java:113)
	at org.springframework.web.servlet.handler.HandlerMappingIntrospector.lambda$createCacheFilter$3(HandlerMappingIntrospector.java:243)
	at org.springframework.web.filter.CompositeFilter$VirtualFilterChain.doFilter(CompositeFilter.java:113)
	at org.springframework.web.filter.CompositeFilter.doFilter(CompositeFilter.java:74)
	at org.springframework.security.config.annotation.web.configuration.WebMvcSecurityConfiguration$CompositeFilterChainProxy.doFilter(WebMvcSecurityConfiguration.java:238)
	at org.springframework.web.filter.DelegatingFilterProxy.invokeDelegate(DelegatingFilterProxy.java:362)
	at org.springframework.web.filter.DelegatingFilterProxy.doFilter(DelegatingFilterProxy.java:278)
	at org.apache.catalina.core.ApplicationFilterChain.internalDoFilter(ApplicationFilterChain.java:164)
	at org.apache.catalina.core.ApplicationFilterChain.doFilter(ApplicationFilterChain.java:140)
	at org.springframework.web.filter.RequestContextFilter.doFilterInternal(RequestContextFilter.java:100)
	at org.springframework.web.filter.OncePerRequestFilter.doFilter(OncePerRequestFilter.java:116)
	at org.apache.catalina.core.ApplicationFilterChain.internalDoFilter(ApplicationFilterChain.java:164)
	at org.apache.catalina.core.ApplicationFilterChain.doFilter(ApplicationFilterChain.java:140)
	at org.springframework.web.filter.FormContentFilter.doFilterInternal(FormContentFilter.java:93)
	at org.springframework.web.filter.OncePerRequestFilter.doFilter(OncePerRequestFilter.java:116)
	at org.apache.catalina.core.ApplicationFilterChain.internalDoFilter(ApplicationFilterChain.java:164)
	at org.apache.catalina.core.ApplicationFilterChain.doFilter(ApplicationFilterChain.java:140)
	at org.springframework.web.filter.CharacterEncodingFilter.doFilterInternal(CharacterEncodingFilter.java:201)
	at org.springframework.web.filter.OncePerRequestFilter.doFilter(OncePerRequestFilter.java:116)
	at org.apache.catalina.core.ApplicationFilterChain.internalDoFilter(ApplicationFilterChain.java:164)
	at org.apache.catalina.core.ApplicationFilterChain.doFilter(ApplicationFilterChain.java:140)
	at org.apache.catalina.core.StandardWrapperValve.invoke(StandardWrapperValve.java:167)
	at org.apache.catalina.core.StandardContextValve.invoke(StandardContextValve.java:90)
	at org.apache.catalina.authenticator.AuthenticatorBase.invoke(AuthenticatorBase.java:483)
	at org.apache.catalina.core.StandardHostValve.invoke(StandardHostValve.java:116)
	at org.apache.catalina.valves.ErrorReportValve.invoke(ErrorReportValve.java:93)
	at org.apache.catalina.core.StandardEngineValve.invoke(StandardEngineValve.java:74)
	at org.apache.catalina.connector.CoyoteAdapter.service(CoyoteAdapter.java:344)
	at org.apache.coyote.http11.Http11Processor.service(Http11Processor.java:398)
	at org.apache.coyote.AbstractProcessorLight.process(AbstractProcessorLight.java:63)
	at org.apache.coyote.AbstractProtocol$ConnectionHandler.process(AbstractProtocol.java:903)
	at org.apache.tomcat.util.net.NioEndpoint$SocketProcessor.doRun(NioEndpoint.java:1740)
	at org.apache.tomcat.util.net.SocketProcessorBase.run(SocketProcessorBase.java:52)
	at org.apache.tomcat.util.threads.ThreadPoolExecutor.runWorker(ThreadPoolExecutor.java:1189)
	at org.apache.tomcat.util.threads.ThreadPoolExecutor$Worker.run(ThreadPoolExecutor.java:658)
	at org.apache.tomcat.util.threads.TaskThread$WrappingRunnable.run(TaskThread.java:63)
	at java.base/java.lang.Thread.run(Thread.java:1583)

2025-09-10 03:07:01 INFO  c.c.service.impl.ContractServiceImpl - Fetching contract with ID: 1 
2025-09-10 03:14:06 INFO  c.c.controller.SubContractController - Fetching SubContracts for controller company id: 4 
2025-09-10 03:37:54 WARN  com.zaxxer.hikari.pool.HikariPool - HikariPool-1 - Thread starvation or clock leap detected (housekeeper delta=12m9s253ms435µs800ns). 
2025-09-10 03:43:51 INFO  c.c.AuthControllers.AuthController - Login attempt received for email: worker@gmail.com 
2025-09-10 03:43:51 INFO  c.c.AuthControllers.AuthController - Login successful for email: worker@gmail.com 
2025-09-10 03:43:51 INFO  c.c.controller.TicketController - Received request to getTicketsByWorkerName with username: worker 
2025-09-10 03:43:51 INFO  c.c.AuthControllers.AuthController - Attempt to patch user with id: 2 with updates: [playerId] 
2025-09-10 03:43:52 INFO  c.c.AuthControllers.AuthController - User patched successfully with id: 2 
2025-09-10 03:43:52 INFO  c.c.controller.TicketController - Received request to get ticket counts for worker: worker 
2025-09-10 03:43:52 INFO  c.c.controller.TicketController - Successfully retrieved ticket counts for worker: worker 
2025-09-10 03:44:09 INFO  c.c.controller.TicketController - Received request to getTicketsByWorkerName with username: worker 
2025-09-10 03:44:09 INFO  c.c.controller.TicketController - Received request to getTicketsByWorkerName with username: worker 
2025-09-10 03:44:10 INFO  c.c.controller.TicketController - Received request to get ticket counts for worker: worker 
2025-09-10 03:44:10 INFO  c.c.controller.TicketController - Received request to get ticket counts for worker: worker 
2025-09-10 03:44:10 INFO  c.c.controller.TicketController - Successfully retrieved ticket counts for worker: worker 
2025-09-10 03:44:10 INFO  c.c.controller.TicketController - Successfully retrieved ticket counts for worker: worker 
2025-09-10 03:44:24 INFO  c.c.controller.TicketController - Received request to getTicketsByWorkerName with username: worker 
2025-09-10 03:44:24 INFO  c.c.controller.TicketController - Received request to getTicketsByWorkerName with username: worker 
2025-09-10 03:44:25 INFO  c.c.controller.TicketController - Received request to get ticket counts for worker: worker 
2025-09-10 03:44:25 INFO  c.c.controller.TicketController - Successfully retrieved ticket counts for worker: worker 
2025-09-10 03:44:25 INFO  c.c.controller.TicketController - Received request to get ticket counts for worker: worker 
2025-09-10 03:44:25 INFO  c.c.controller.TicketController - Successfully retrieved ticket counts for worker: worker 
2025-09-10 03:46:29 INFO  c.c.AuthControllers.AuthController - Login attempt received for email: company@gmail.com 
2025-09-10 03:46:29 INFO  c.c.AuthControllers.AuthController - Login successful for email: company@gmail.com 
2025-09-10 03:46:30 INFO  c.c.AuthControllers.AuthController - Attempt to patch user with id: 4 with updates: [playerId] 
2025-09-10 03:46:30 INFO  c.c.controller.ContractController - Fetching active screens for company: 1 
2025-09-10 03:46:30 INFO  c.c.controller.TicketController - Received request to getTicketsByCompanyId with Id: 1 
2025-09-10 03:46:30 INFO  c.c.service.impl.ContractServiceImpl - Fetching active screens for company: 1 
2025-09-10 03:46:31 ERROR c.c.AuthControllers.AuthController - Error patching user with id: 4 org.springframework.dao.DataIntegrityViolationException: could not execute statement [Duplicate entry '7ccef77b-76ca-44f1-a362-06b44544df73' for key 'UKpsfb18v1ityecxvh3x7thgkwx'] [update users set can_edit=?,can_read=?,company_id=?,created_at=?,email=?,full_name=?,password=?,player_id=?,role=?,updated_at=?,username=? where id=?]; SQL [update users set can_edit=?,can_read=?,company_id=?,created_at=?,email=?,full_name=?,password=?,player_id=?,role=?,updated_at=?,username=? where id=?]; constraint [UKpsfb18v1ityecxvh3x7thgkwx]
	at org.springframework.orm.jpa.vendor.HibernateJpaDialect.convertHibernateAccessException(HibernateJpaDialect.java:294)
	at org.springframework.orm.jpa.vendor.HibernateJpaDialect.convertHibernateAccessException(HibernateJpaDialect.java:256)
	at org.springframework.orm.jpa.vendor.HibernateJpaDialect.translateExceptionIfPossible(HibernateJpaDialect.java:241)
	at org.springframework.orm.jpa.JpaTransactionManager.doCommit(JpaTransactionManager.java:566)
	at org.springframework.transaction.support.AbstractPlatformTransactionManager.processCommit(AbstractPlatformTransactionManager.java:795)
	at org.springframework.transaction.support.AbstractPlatformTransactionManager.commit(AbstractPlatformTransactionManager.java:758)
	at org.springframework.transaction.interceptor.TransactionAspectSupport.commitTransactionAfterReturning(TransactionAspectSupport.java:698)
	at org.springframework.transaction.interceptor.TransactionAspectSupport.invokeWithinTransaction(TransactionAspectSupport.java:416)
	at org.springframework.transaction.interceptor.TransactionInterceptor.invoke(TransactionInterceptor.java:119)
	at org.springframework.aop.framework.ReflectiveMethodInvocation.proceed(ReflectiveMethodInvocation.java:184)
	at org.springframework.aop.framework.CglibAopProxy$DynamicAdvisedInterceptor.intercept(CglibAopProxy.java:728)
	at com.celebritysystems.service.impl.UserServiceImpl$$SpringCGLIB$$0.patchUser(<generated>)
	at com.celebritysystems.controller.UserController.patchUser(UserController.java:177)
	at java.base/jdk.internal.reflect.DirectMethodHandleAccessor.invoke(DirectMethodHandleAccessor.java:103)
	at java.base/java.lang.reflect.Method.invoke(Method.java:580)
	at org.springframework.aop.support.AopUtils.invokeJoinpointUsingReflection(AopUtils.java:359)
	at org.springframework.aop.framework.CglibAopProxy$DynamicAdvisedInterceptor.intercept(CglibAopProxy.java:724)
	at com.celebritysystems.controller.UserController$$SpringCGLIB$$0.patchUser(<generated>)
	at java.base/jdk.internal.reflect.DirectMethodHandleAccessor.invoke(DirectMethodHandleAccessor.java:103)
	at java.base/java.lang.reflect.Method.invoke(Method.java:580)
	at org.springframework.web.method.support.InvocableHandlerMethod.doInvoke(InvocableHandlerMethod.java:258)
	at org.springframework.web.method.support.InvocableHandlerMethod.invokeForRequest(InvocableHandlerMethod.java:191)
	at org.springframework.web.servlet.mvc.method.annotation.ServletInvocableHandlerMethod.invokeAndHandle(ServletInvocableHandlerMethod.java:118)
	at org.springframework.web.servlet.mvc.method.annotation.RequestMappingHandlerAdapter.invokeHandlerMethod(RequestMappingHandlerAdapter.java:986)
	at org.springframework.web.servlet.mvc.method.annotation.RequestMappingHandlerAdapter.handleInternal(RequestMappingHandlerAdapter.java:891)
	at org.springframework.web.servlet.mvc.method.AbstractHandlerMethodAdapter.handle(AbstractHandlerMethodAdapter.java:87)
	at org.springframework.web.servlet.DispatcherServlet.doDispatch(DispatcherServlet.java:1089)
	at org.springframework.web.servlet.DispatcherServlet.doService(DispatcherServlet.java:979)
	at org.springframework.web.servlet.FrameworkServlet.processRequest(FrameworkServlet.java:1014)
	at org.springframework.web.servlet.FrameworkServlet.service(FrameworkServlet.java:888)
	at jakarta.servlet.http.HttpServlet.service(HttpServlet.java:658)
	at org.apache.catalina.core.ApplicationFilterChain.internalDoFilter(ApplicationFilterChain.java:195)
	at org.apache.catalina.core.ApplicationFilterChain.doFilter(ApplicationFilterChain.java:140)
	at org.apache.tomcat.websocket.server.WsFilter.doFilter(WsFilter.java:51)
	at org.apache.catalina.core.ApplicationFilterChain.internalDoFilter(ApplicationFilterChain.java:164)
	at org.apache.catalina.core.ApplicationFilterChain.doFilter(ApplicationFilterChain.java:140)
	at org.springframework.web.filter.CompositeFilter$VirtualFilterChain.doFilter(CompositeFilter.java:108)
	at org.springframework.security.web.FilterChainProxy.lambda$doFilterInternal$3(FilterChainProxy.java:231)
	at org.springframework.security.web.FilterChainProxy$VirtualFilterChain.doFilter(FilterChainProxy.java:365)
	at org.springframework.security.web.access.intercept.AuthorizationFilter.doFilter(AuthorizationFilter.java:101)
	at org.springframework.security.web.FilterChainProxy$VirtualFilterChain.doFilter(FilterChainProxy.java:374)
	at org.springframework.security.web.access.ExceptionTranslationFilter.doFilter(ExceptionTranslationFilter.java:126)
	at org.springframework.security.web.access.ExceptionTranslationFilter.doFilter(ExceptionTranslationFilter.java:120)
	at org.springframework.security.web.FilterChainProxy$VirtualFilterChain.doFilter(FilterChainProxy.java:374)
	at org.springframework.security.web.session.SessionManagementFilter.doFilter(SessionManagementFilter.java:131)
	at org.springframework.security.web.session.SessionManagementFilter.doFilter(SessionManagementFilter.java:85)
	at org.springframework.security.web.FilterChainProxy$VirtualFilterChain.doFilter(FilterChainProxy.java:374)
	at org.springframework.security.web.authentication.AnonymousAuthenticationFilter.doFilter(AnonymousAuthenticationFilter.java:100)
	at org.springframework.security.web.FilterChainProxy$VirtualFilterChain.doFilter(FilterChainProxy.java:374)
	at org.springframework.security.web.servletapi.SecurityContextHolderAwareRequestFilter.doFilter(SecurityContextHolderAwareRequestFilter.java:179)
	at org.springframework.security.web.FilterChainProxy$VirtualFilterChain.doFilter(FilterChainProxy.java:374)
	at org.springframework.security.web.savedrequest.RequestCacheAwareFilter.doFilter(RequestCacheAwareFilter.java:63)
	at org.springframework.security.web.FilterChainProxy$VirtualFilterChain.doFilter(FilterChainProxy.java:374)
	at com.celebritysystems.config.JwtAuthenticationFilter.doFilterInternal(JwtAuthenticationFilter.java:63)
	at org.springframework.web.filter.OncePerRequestFilter.doFilter(OncePerRequestFilter.java:116)
	at org.springframework.security.web.FilterChainProxy$VirtualFilterChain.doFilter(FilterChainProxy.java:374)
	at org.springframework.security.web.authentication.logout.LogoutFilter.doFilter(LogoutFilter.java:107)
	at org.springframework.security.web.authentication.logout.LogoutFilter.doFilter(LogoutFilter.java:93)
	at org.springframework.security.web.FilterChainProxy$VirtualFilterChain.doFilter(FilterChainProxy.java:374)
	at org.springframework.web.filter.CorsFilter.doFilterInternal(CorsFilter.java:91)
	at org.springframework.web.filter.OncePerRequestFilter.doFilter(OncePerRequestFilter.java:116)
	at org.springframework.security.web.FilterChainProxy$VirtualFilterChain.doFilter(FilterChainProxy.java:374)
	at org.springframework.security.web.header.HeaderWriterFilter.doHeadersAfter(HeaderWriterFilter.java:90)
	at org.springframework.security.web.header.HeaderWriterFilter.doFilterInternal(HeaderWriterFilter.java:75)
	at org.springframework.web.filter.OncePerRequestFilter.doFilter(OncePerRequestFilter.java:116)
	at org.springframework.security.web.FilterChainProxy$VirtualFilterChain.doFilter(FilterChainProxy.java:374)
	at org.springframework.security.web.context.SecurityContextHolderFilter.doFilter(SecurityContextHolderFilter.java:82)
	at org.springframework.security.web.context.SecurityContextHolderFilter.doFilter(SecurityContextHolderFilter.java:69)
	at org.springframework.security.web.FilterChainProxy$VirtualFilterChain.doFilter(FilterChainProxy.java:374)
	at org.springframework.security.web.context.request.async.WebAsyncManagerIntegrationFilter.doFilterInternal(WebAsyncManagerIntegrationFilter.java:62)
	at org.springframework.web.filter.OncePerRequestFilter.doFilter(OncePerRequestFilter.java:116)
	at org.springframework.security.web.FilterChainProxy$VirtualFilterChain.doFilter(FilterChainProxy.java:374)
	at org.springframework.security.web.session.DisableEncodeUrlFilter.doFilterInternal(DisableEncodeUrlFilter.java:42)
	at org.springframework.web.filter.OncePerRequestFilter.doFilter(OncePerRequestFilter.java:116)
	at org.springframework.security.web.FilterChainProxy$VirtualFilterChain.doFilter(FilterChainProxy.java:374)
	at org.springframework.security.web.FilterChainProxy.doFilterInternal(FilterChainProxy.java:233)
	at org.springframework.security.web.FilterChainProxy.doFilter(FilterChainProxy.java:191)
	at org.springframework.web.filter.CompositeFilter$VirtualFilterChain.doFilter(CompositeFilter.java:113)
	at org.springframework.web.servlet.handler.HandlerMappingIntrospector.lambda$createCacheFilter$3(HandlerMappingIntrospector.java:243)
	at org.springframework.web.filter.CompositeFilter$VirtualFilterChain.doFilter(CompositeFilter.java:113)
	at org.springframework.web.filter.CompositeFilter.doFilter(CompositeFilter.java:74)
	at org.springframework.security.config.annotation.web.configuration.WebMvcSecurityConfiguration$CompositeFilterChainProxy.doFilter(WebMvcSecurityConfiguration.java:238)
	at org.springframework.web.filter.DelegatingFilterProxy.invokeDelegate(DelegatingFilterProxy.java:362)
	at org.springframework.web.filter.DelegatingFilterProxy.doFilter(DelegatingFilterProxy.java:278)
	at org.apache.catalina.core.ApplicationFilterChain.internalDoFilter(ApplicationFilterChain.java:164)
	at org.apache.catalina.core.ApplicationFilterChain.doFilter(ApplicationFilterChain.java:140)
	at org.springframework.web.filter.RequestContextFilter.doFilterInternal(RequestContextFilter.java:100)
	at org.springframework.web.filter.OncePerRequestFilter.doFilter(OncePerRequestFilter.java:116)
	at org.apache.catalina.core.ApplicationFilterChain.internalDoFilter(ApplicationFilterChain.java:164)
	at org.apache.catalina.core.ApplicationFilterChain.doFilter(ApplicationFilterChain.java:140)
	at org.springframework.web.filter.FormContentFilter.doFilterInternal(FormContentFilter.java:93)
	at org.springframework.web.filter.OncePerRequestFilter.doFilter(OncePerRequestFilter.java:116)
	at org.apache.catalina.core.ApplicationFilterChain.internalDoFilter(ApplicationFilterChain.java:164)
	at org.apache.catalina.core.ApplicationFilterChain.doFilter(ApplicationFilterChain.java:140)
	at org.springframework.web.filter.CharacterEncodingFilter.doFilterInternal(CharacterEncodingFilter.java:201)
	at org.springframework.web.filter.OncePerRequestFilter.doFilter(OncePerRequestFilter.java:116)
	at org.apache.catalina.core.ApplicationFilterChain.internalDoFilter(ApplicationFilterChain.java:164)
	at org.apache.catalina.core.ApplicationFilterChain.doFilter(ApplicationFilterChain.java:140)
	at org.apache.catalina.core.StandardWrapperValve.invoke(StandardWrapperValve.java:167)
	at org.apache.catalina.core.StandardContextValve.invoke(StandardContextValve.java:90)
	at org.apache.catalina.authenticator.AuthenticatorBase.invoke(AuthenticatorBase.java:483)
	at org.apache.catalina.core.StandardHostValve.invoke(StandardHostValve.java:116)
	at org.apache.catalina.valves.ErrorReportValve.invoke(ErrorReportValve.java:93)
	at org.apache.catalina.core.StandardEngineValve.invoke(StandardEngineValve.java:74)
	at org.apache.catalina.connector.CoyoteAdapter.service(CoyoteAdapter.java:344)
	at org.apache.coyote.http11.Http11Processor.service(Http11Processor.java:398)
	at org.apache.coyote.AbstractProcessorLight.process(AbstractProcessorLight.java:63)
	at org.apache.coyote.AbstractProtocol$ConnectionHandler.process(AbstractProtocol.java:903)
	at org.apache.tomcat.util.net.NioEndpoint$SocketProcessor.doRun(NioEndpoint.java:1740)
	at org.apache.tomcat.util.net.SocketProcessorBase.run(SocketProcessorBase.java:52)
	at org.apache.tomcat.util.threads.ThreadPoolExecutor.runWorker(ThreadPoolExecutor.java:1189)
	at org.apache.tomcat.util.threads.ThreadPoolExecutor$Worker.run(ThreadPoolExecutor.java:658)
	at org.apache.tomcat.util.threads.TaskThread$WrappingRunnable.run(TaskThread.java:63)
	at java.base/java.lang.Thread.run(Thread.java:1583)
Caused by: org.hibernate.exception.ConstraintViolationException: could not execute statement [Duplicate entry '7ccef77b-76ca-44f1-a362-06b44544df73' for key 'UKpsfb18v1ityecxvh3x7thgkwx'] [update users set can_edit=?,can_read=?,company_id=?,created_at=?,email=?,full_name=?,password=?,player_id=?,role=?,updated_at=?,username=? where id=?]
	at org.hibernate.dialect.MySQLDialect.lambda$buildSQLExceptionConversionDelegate$3(MySQLDialect.java:1245)
	at org.hibernate.exception.internal.StandardSQLExceptionConverter.convert(StandardSQLExceptionConverter.java:58)
	at org.hibernate.engine.jdbc.spi.SqlExceptionHelper.convert(SqlExceptionHelper.java:108)
	at org.hibernate.engine.jdbc.internal.ResultSetReturnImpl.executeUpdate(ResultSetReturnImpl.java:197)
	at org.hibernate.engine.jdbc.mutation.internal.AbstractMutationExecutor.performNonBatchedMutation(AbstractMutationExecutor.java:134)
	at org.hibernate.engine.jdbc.mutation.internal.MutationExecutorSingleNonBatched.performNonBatchedOperations(MutationExecutorSingleNonBatched.java:55)
	at org.hibernate.engine.jdbc.mutation.internal.AbstractMutationExecutor.execute(AbstractMutationExecutor.java:55)
	at org.hibernate.persister.entity.mutation.UpdateCoordinatorStandard.doStaticUpdate(UpdateCoordinatorStandard.java:781)
	at org.hibernate.persister.entity.mutation.UpdateCoordinatorStandard.performUpdate(UpdateCoordinatorStandard.java:328)
	at org.hibernate.persister.entity.mutation.UpdateCoordinatorStandard.update(UpdateCoordinatorStandard.java:245)
	at org.hibernate.action.internal.EntityUpdateAction.execute(EntityUpdateAction.java:169)
	at org.hibernate.engine.spi.ActionQueue.executeActions(ActionQueue.java:644)
	at org.hibernate.engine.spi.ActionQueue.executeActions(ActionQueue.java:511)
	at org.hibernate.event.internal.AbstractFlushingEventListener.performExecutions(AbstractFlushingEventListener.java:414)
	at org.hibernate.event.internal.DefaultFlushEventListener.onFlush(DefaultFlushEventListener.java:41)
	at org.hibernate.event.service.internal.EventListenerGroupImpl.fireEventOnEachListener(EventListenerGroupImpl.java:127)
	at org.hibernate.internal.SessionImpl.doFlush(SessionImpl.java:1429)
	at org.hibernate.internal.SessionImpl.managedFlush(SessionImpl.java:491)
	at org.hibernate.internal.SessionImpl.flushBeforeTransactionCompletion(SessionImpl.java:2354)
	at org.hibernate.internal.SessionImpl.beforeTransactionCompletion(SessionImpl.java:1978)
	at org.hibernate.engine.jdbc.internal.JdbcCoordinatorImpl.beforeTransactionCompletion(JdbcCoordinatorImpl.java:439)
	at org.hibernate.resource.transaction.backend.jdbc.internal.JdbcResourceLocalTransactionCoordinatorImpl.beforeCompletionCallback(JdbcResourceLocalTransactionCoordinatorImpl.java:169)
	at org.hibernate.resource.transaction.backend.jdbc.internal.JdbcResourceLocalTransactionCoordinatorImpl$TransactionDriverControlImpl.commit(JdbcResourceLocalTransactionCoordinatorImpl.java:267)
	at org.hibernate.engine.transaction.internal.TransactionImpl.commit(TransactionImpl.java:101)
	at org.springframework.orm.jpa.JpaTransactionManager.doCommit(JpaTransactionManager.java:562)
	... 110 common frames omitted
Caused by: java.sql.SQLIntegrityConstraintViolationException: Duplicate entry '7ccef77b-76ca-44f1-a362-06b44544df73' for key 'UKpsfb18v1ityecxvh3x7thgkwx'
	at com.mysql.cj.jdbc.exceptions.SQLError.createSQLException(SQLError.java:109)
	at com.mysql.cj.jdbc.exceptions.SQLExceptionsMapping.translateException(SQLExceptionsMapping.java:114)
	at com.mysql.cj.jdbc.ClientPreparedStatement.executeInternal(ClientPreparedStatement.java:988)
	at com.mysql.cj.jdbc.ClientPreparedStatement.executeUpdateInternal(ClientPreparedStatement.java:1166)
	at com.mysql.cj.jdbc.ClientPreparedStatement.executeUpdateInternal(ClientPreparedStatement.java:1101)
	at com.mysql.cj.jdbc.ClientPreparedStatement.executeLargeUpdate(ClientPreparedStatement.java:1467)
	at com.mysql.cj.jdbc.ClientPreparedStatement.executeUpdate(ClientPreparedStatement.java:1084)
	at com.zaxxer.hikari.pool.ProxyPreparedStatement.executeUpdate(ProxyPreparedStatement.java:61)
	at com.zaxxer.hikari.pool.HikariProxyPreparedStatement.executeUpdate(HikariProxyPreparedStatement.java)
	at org.hibernate.engine.jdbc.internal.ResultSetReturnImpl.executeUpdate(ResultSetReturnImpl.java:194)
	... 131 common frames omitted

2025-09-10 03:46:43 INFO  c.c.controller.TicketController - Received request to getTicketsByCompanyId with Id: 1 
2025-09-10 03:46:43 INFO  c.c.controller.ContractController - Fetching active screens for company: 1 
2025-09-10 03:46:43 INFO  c.c.service.impl.ContractServiceImpl - Fetching active screens for company: 1 
2025-09-10 04:20:44 INFO  c.c.AuthControllers.AuthController - Login attempt received for email: company@gmail.com 
2025-09-10 04:20:44 INFO  c.c.AuthControllers.AuthController - Login successful for email: company@gmail.com 
2025-09-10 04:20:45 INFO  c.c.AuthControllers.AuthController - Attempt to patch user with id: 4 with updates: [playerId] 
2025-09-10 04:20:45 INFO  c.c.AuthControllers.AuthController - User patched successfully with id: 4 
2025-09-10 04:20:45 INFO  c.c.controller.TicketController - Received request to getTicketsByCompanyId with Id: 1 
2025-09-10 04:20:45 INFO  c.c.controller.ContractController - Fetching active screens for company: 1 
2025-09-10 04:20:45 INFO  c.c.service.impl.ContractServiceImpl - Fetching active screens for company: 1 
2025-09-10 04:20:59 INFO  c.c.AuthControllers.AuthController - Attempt to patch user with id: 0 with updates: [playerId] 
2025-09-10 04:20:59 ERROR c.c.AuthControllers.AuthController - Error patching user with id: 0 java.lang.RuntimeException: User not found with id: 0
	at com.celebritysystems.service.impl.UserServiceImpl.lambda$patchUser$6(UserServiceImpl.java:128)
	at java.base/java.util.Optional.orElseThrow(Optional.java:403)
	at com.celebritysystems.service.impl.UserServiceImpl.patchUser(UserServiceImpl.java:128)
	at java.base/jdk.internal.reflect.DirectMethodHandleAccessor.invoke(DirectMethodHandleAccessor.java:103)
	at java.base/java.lang.reflect.Method.invoke(Method.java:580)
	at org.springframework.aop.support.AopUtils.invokeJoinpointUsingReflection(AopUtils.java:359)
	at org.springframework.aop.framework.ReflectiveMethodInvocation.invokeJoinpoint(ReflectiveMethodInvocation.java:196)
	at org.springframework.aop.framework.ReflectiveMethodInvocation.proceed(ReflectiveMethodInvocation.java:163)
	at org.springframework.transaction.interceptor.TransactionAspectSupport.invokeWithinTransaction(TransactionAspectSupport.java:380)
	at org.springframework.transaction.interceptor.TransactionInterceptor.invoke(TransactionInterceptor.java:119)
	at org.springframework.aop.framework.ReflectiveMethodInvocation.proceed(ReflectiveMethodInvocation.java:184)
	at org.springframework.aop.framework.CglibAopProxy$DynamicAdvisedInterceptor.intercept(CglibAopProxy.java:728)
	at com.celebritysystems.service.impl.UserServiceImpl$$SpringCGLIB$$0.patchUser(<generated>)
	at com.celebritysystems.controller.UserController.patchUser(UserController.java:177)
	at java.base/jdk.internal.reflect.DirectMethodHandleAccessor.invoke(DirectMethodHandleAccessor.java:103)
	at java.base/java.lang.reflect.Method.invoke(Method.java:580)
	at org.springframework.aop.support.AopUtils.invokeJoinpointUsingReflection(AopUtils.java:359)
	at org.springframework.aop.framework.CglibAopProxy$DynamicAdvisedInterceptor.intercept(CglibAopProxy.java:724)
	at com.celebritysystems.controller.UserController$$SpringCGLIB$$0.patchUser(<generated>)
	at java.base/jdk.internal.reflect.DirectMethodHandleAccessor.invoke(DirectMethodHandleAccessor.java:103)
	at java.base/java.lang.reflect.Method.invoke(Method.java:580)
	at org.springframework.web.method.support.InvocableHandlerMethod.doInvoke(InvocableHandlerMethod.java:258)
	at org.springframework.web.method.support.InvocableHandlerMethod.invokeForRequest(InvocableHandlerMethod.java:191)
	at org.springframework.web.servlet.mvc.method.annotation.ServletInvocableHandlerMethod.invokeAndHandle(ServletInvocableHandlerMethod.java:118)
	at org.springframework.web.servlet.mvc.method.annotation.RequestMappingHandlerAdapter.invokeHandlerMethod(RequestMappingHandlerAdapter.java:986)
	at org.springframework.web.servlet.mvc.method.annotation.RequestMappingHandlerAdapter.handleInternal(RequestMappingHandlerAdapter.java:891)
	at org.springframework.web.servlet.mvc.method.AbstractHandlerMethodAdapter.handle(AbstractHandlerMethodAdapter.java:87)
	at org.springframework.web.servlet.DispatcherServlet.doDispatch(DispatcherServlet.java:1089)
	at org.springframework.web.servlet.DispatcherServlet.doService(DispatcherServlet.java:979)
	at org.springframework.web.servlet.FrameworkServlet.processRequest(FrameworkServlet.java:1014)
	at org.springframework.web.servlet.FrameworkServlet.service(FrameworkServlet.java:888)
	at jakarta.servlet.http.HttpServlet.service(HttpServlet.java:658)
	at org.apache.catalina.core.ApplicationFilterChain.internalDoFilter(ApplicationFilterChain.java:195)
	at org.apache.catalina.core.ApplicationFilterChain.doFilter(ApplicationFilterChain.java:140)
	at org.apache.tomcat.websocket.server.WsFilter.doFilter(WsFilter.java:51)
	at org.apache.catalina.core.ApplicationFilterChain.internalDoFilter(ApplicationFilterChain.java:164)
	at org.apache.catalina.core.ApplicationFilterChain.doFilter(ApplicationFilterChain.java:140)
	at org.springframework.web.filter.CompositeFilter$VirtualFilterChain.doFilter(CompositeFilter.java:108)
	at org.springframework.security.web.FilterChainProxy.lambda$doFilterInternal$3(FilterChainProxy.java:231)
	at org.springframework.security.web.FilterChainProxy$VirtualFilterChain.doFilter(FilterChainProxy.java:365)
	at org.springframework.security.web.access.intercept.AuthorizationFilter.doFilter(AuthorizationFilter.java:101)
	at org.springframework.security.web.FilterChainProxy$VirtualFilterChain.doFilter(FilterChainProxy.java:374)
	at org.springframework.security.web.access.ExceptionTranslationFilter.doFilter(ExceptionTranslationFilter.java:126)
	at org.springframework.security.web.access.ExceptionTranslationFilter.doFilter(ExceptionTranslationFilter.java:120)
	at org.springframework.security.web.FilterChainProxy$VirtualFilterChain.doFilter(FilterChainProxy.java:374)
	at org.springframework.security.web.session.SessionManagementFilter.doFilter(SessionManagementFilter.java:131)
	at org.springframework.security.web.session.SessionManagementFilter.doFilter(SessionManagementFilter.java:85)
	at org.springframework.security.web.FilterChainProxy$VirtualFilterChain.doFilter(FilterChainProxy.java:374)
	at org.springframework.security.web.authentication.AnonymousAuthenticationFilter.doFilter(AnonymousAuthenticationFilter.java:100)
	at org.springframework.security.web.FilterChainProxy$VirtualFilterChain.doFilter(FilterChainProxy.java:374)
	at org.springframework.security.web.servletapi.SecurityContextHolderAwareRequestFilter.doFilter(SecurityContextHolderAwareRequestFilter.java:179)
	at org.springframework.security.web.FilterChainProxy$VirtualFilterChain.doFilter(FilterChainProxy.java:374)
	at org.springframework.security.web.savedrequest.RequestCacheAwareFilter.doFilter(RequestCacheAwareFilter.java:63)
	at org.springframework.security.web.FilterChainProxy$VirtualFilterChain.doFilter(FilterChainProxy.java:374)
	at com.celebritysystems.config.JwtAuthenticationFilter.doFilterInternal(JwtAuthenticationFilter.java:63)
	at org.springframework.web.filter.OncePerRequestFilter.doFilter(OncePerRequestFilter.java:116)
	at org.springframework.security.web.FilterChainProxy$VirtualFilterChain.doFilter(FilterChainProxy.java:374)
	at org.springframework.security.web.authentication.logout.LogoutFilter.doFilter(LogoutFilter.java:107)
	at org.springframework.security.web.authentication.logout.LogoutFilter.doFilter(LogoutFilter.java:93)
	at org.springframework.security.web.FilterChainProxy$VirtualFilterChain.doFilter(FilterChainProxy.java:374)
	at org.springframework.web.filter.CorsFilter.doFilterInternal(CorsFilter.java:91)
	at org.springframework.web.filter.OncePerRequestFilter.doFilter(OncePerRequestFilter.java:116)
	at org.springframework.security.web.FilterChainProxy$VirtualFilterChain.doFilter(FilterChainProxy.java:374)
	at org.springframework.security.web.header.HeaderWriterFilter.doHeadersAfter(HeaderWriterFilter.java:90)
	at org.springframework.security.web.header.HeaderWriterFilter.doFilterInternal(HeaderWriterFilter.java:75)
	at org.springframework.web.filter.OncePerRequestFilter.doFilter(OncePerRequestFilter.java:116)
	at org.springframework.security.web.FilterChainProxy$VirtualFilterChain.doFilter(FilterChainProxy.java:374)
	at org.springframework.security.web.context.SecurityContextHolderFilter.doFilter(SecurityContextHolderFilter.java:82)
	at org.springframework.security.web.context.SecurityContextHolderFilter.doFilter(SecurityContextHolderFilter.java:69)
	at org.springframework.security.web.FilterChainProxy$VirtualFilterChain.doFilter(FilterChainProxy.java:374)
	at org.springframework.security.web.context.request.async.WebAsyncManagerIntegrationFilter.doFilterInternal(WebAsyncManagerIntegrationFilter.java:62)
	at org.springframework.web.filter.OncePerRequestFilter.doFilter(OncePerRequestFilter.java:116)
	at org.springframework.security.web.FilterChainProxy$VirtualFilterChain.doFilter(FilterChainProxy.java:374)
	at org.springframework.security.web.session.DisableEncodeUrlFilter.doFilterInternal(DisableEncodeUrlFilter.java:42)
	at org.springframework.web.filter.OncePerRequestFilter.doFilter(OncePerRequestFilter.java:116)
	at org.springframework.security.web.FilterChainProxy$VirtualFilterChain.doFilter(FilterChainProxy.java:374)
	at org.springframework.security.web.FilterChainProxy.doFilterInternal(FilterChainProxy.java:233)
	at org.springframework.security.web.FilterChainProxy.doFilter(FilterChainProxy.java:191)
	at org.springframework.web.filter.CompositeFilter$VirtualFilterChain.doFilter(CompositeFilter.java:113)
	at org.springframework.web.servlet.handler.HandlerMappingIntrospector.lambda$createCacheFilter$3(HandlerMappingIntrospector.java:243)
	at org.springframework.web.filter.CompositeFilter$VirtualFilterChain.doFilter(CompositeFilter.java:113)
	at org.springframework.web.filter.CompositeFilter.doFilter(CompositeFilter.java:74)
	at org.springframework.security.config.annotation.web.configuration.WebMvcSecurityConfiguration$CompositeFilterChainProxy.doFilter(WebMvcSecurityConfiguration.java:238)
	at org.springframework.web.filter.DelegatingFilterProxy.invokeDelegate(DelegatingFilterProxy.java:362)
	at org.springframework.web.filter.DelegatingFilterProxy.doFilter(DelegatingFilterProxy.java:278)
	at org.apache.catalina.core.ApplicationFilterChain.internalDoFilter(ApplicationFilterChain.java:164)
	at org.apache.catalina.core.ApplicationFilterChain.doFilter(ApplicationFilterChain.java:140)
	at org.springframework.web.filter.RequestContextFilter.doFilterInternal(RequestContextFilter.java:100)
	at org.springframework.web.filter.OncePerRequestFilter.doFilter(OncePerRequestFilter.java:116)
	at org.apache.catalina.core.ApplicationFilterChain.internalDoFilter(ApplicationFilterChain.java:164)
	at org.apache.catalina.core.ApplicationFilterChain.doFilter(ApplicationFilterChain.java:140)
	at org.springframework.web.filter.FormContentFilter.doFilterInternal(FormContentFilter.java:93)
	at org.springframework.web.filter.OncePerRequestFilter.doFilter(OncePerRequestFilter.java:116)
	at org.apache.catalina.core.ApplicationFilterChain.internalDoFilter(ApplicationFilterChain.java:164)
	at org.apache.catalina.core.ApplicationFilterChain.doFilter(ApplicationFilterChain.java:140)
	at org.springframework.web.filter.CharacterEncodingFilter.doFilterInternal(CharacterEncodingFilter.java:201)
	at org.springframework.web.filter.OncePerRequestFilter.doFilter(OncePerRequestFilter.java:116)
	at org.apache.catalina.core.ApplicationFilterChain.internalDoFilter(ApplicationFilterChain.java:164)
	at org.apache.catalina.core.ApplicationFilterChain.doFilter(ApplicationFilterChain.java:140)
	at org.apache.catalina.core.StandardWrapperValve.invoke(StandardWrapperValve.java:167)
	at org.apache.catalina.core.StandardContextValve.invoke(StandardContextValve.java:90)
	at org.apache.catalina.authenticator.AuthenticatorBase.invoke(AuthenticatorBase.java:483)
	at org.apache.catalina.core.StandardHostValve.invoke(StandardHostValve.java:116)
	at org.apache.catalina.valves.ErrorReportValve.invoke(ErrorReportValve.java:93)
	at org.apache.catalina.core.StandardEngineValve.invoke(StandardEngineValve.java:74)
	at org.apache.catalina.connector.CoyoteAdapter.service(CoyoteAdapter.java:344)
	at org.apache.coyote.http11.Http11Processor.service(Http11Processor.java:398)
	at org.apache.coyote.AbstractProcessorLight.process(AbstractProcessorLight.java:63)
	at org.apache.coyote.AbstractProtocol$ConnectionHandler.process(AbstractProtocol.java:903)
	at org.apache.tomcat.util.net.NioEndpoint$SocketProcessor.doRun(NioEndpoint.java:1740)
	at org.apache.tomcat.util.net.SocketProcessorBase.run(SocketProcessorBase.java:52)
	at org.apache.tomcat.util.threads.ThreadPoolExecutor.runWorker(ThreadPoolExecutor.java:1189)
	at org.apache.tomcat.util.threads.ThreadPoolExecutor$Worker.run(ThreadPoolExecutor.java:658)
	at org.apache.tomcat.util.threads.TaskThread$WrappingRunnable.run(TaskThread.java:63)
	at java.base/java.lang.Thread.run(Thread.java:1583)

2025-09-10 04:23:27 INFO  c.c.AuthControllers.AuthController - Login attempt received for email: company@gmail.com 
2025-09-10 04:23:27 INFO  c.c.AuthControllers.AuthController - Login successful for email: company@gmail.com 
2025-09-10 04:23:28 INFO  c.c.AuthControllers.AuthController - Attempt to patch user with id: 4 with updates: [playerId] 
2025-09-10 04:23:28 INFO  c.c.AuthControllers.AuthController - User patched successfully with id: 4 
2025-09-10 04:23:28 INFO  c.c.controller.TicketController - Received request to getTicketsByCompanyId with Id: 1 
2025-09-10 04:23:28 INFO  c.c.controller.ContractController - Fetching active screens for company: 1 
2025-09-10 04:23:28 INFO  c.c.service.impl.ContractServiceImpl - Fetching active screens for company: 1 
2025-09-10 04:27:52 INFO  c.c.AuthControllers.AuthController - Login attempt received for email: company@gmail.com 
2025-09-10 04:27:52 INFO  c.c.AuthControllers.AuthController - Login successful for email: company@gmail.com 
2025-09-10 04:27:53 INFO  c.c.AuthControllers.AuthController - Attempt to patch user with id: 4 with updates: [playerId] 
2025-09-10 04:27:53 INFO  c.c.AuthControllers.AuthController - User patched successfully with id: 4 
2025-09-10 04:27:53 INFO  c.c.controller.ContractController - Fetching active screens for company: 1 
2025-09-10 04:27:53 INFO  c.c.service.impl.ContractServiceImpl - Fetching active screens for company: 1 
2025-09-10 04:27:53 INFO  c.c.controller.TicketController - Received request to getTicketsByCompanyId with Id: 1 
2025-09-10 04:28:07 INFO  c.c.AuthControllers.AuthController - Attempt to patch user with id: 4 with updates: [playerId] 
2025-09-10 04:28:07 INFO  c.c.AuthControllers.AuthController - User patched successfully with id: 4 
2025-09-10 04:28:53 INFO  c.c.AuthControllers.AuthController - Login attempt received for email: company@gmail.com 
2025-09-10 04:28:53 INFO  c.c.AuthControllers.AuthController - Login successful for email: company@gmail.com 
2025-09-10 04:28:54 INFO  c.c.AuthControllers.AuthController - Attempt to patch user with id: 4 with updates: [playerId] 
2025-09-10 04:28:54 INFO  c.c.AuthControllers.AuthController - User patched successfully with id: 4 
2025-09-10 04:28:54 INFO  c.c.controller.TicketController - Received request to getTicketsByCompanyId with Id: 1 
2025-09-10 04:28:54 INFO  c.c.controller.ContractController - Fetching active screens for company: 1 
2025-09-10 04:28:54 INFO  c.c.service.impl.ContractServiceImpl - Fetching active screens for company: 1 
2025-09-10 04:30:20 INFO  c.c.AuthControllers.AuthController - Attempt to patch user with id: 4 with updates: [playerId] 
2025-09-10 04:30:20 INFO  c.c.AuthControllers.AuthController - User patched successfully with id: 4 
2025-09-10 04:46:33 WARN  com.zaxxer.hikari.pool.HikariPool - HikariPool-1 - Thread starvation or clock leap detected (housekeeper delta=8m38s679ms905µs500ns). 
2025-09-10 04:52:29 WARN  com.zaxxer.hikari.pool.HikariPool - HikariPool-1 - Thread starvation or clock leap detected (housekeeper delta=5m55s955ms577µs700ns). 
2025-09-10 04:54:40 INFO  o.s.b.w.e.tomcat.GracefulShutdown - Commencing graceful shutdown. Waiting for active requests to complete 
2025-09-10 04:54:40 INFO  o.s.b.w.e.tomcat.GracefulShutdown - Graceful shutdown complete 
2025-09-10 04:54:40 INFO  o.s.o.j.LocalContainerEntityManagerFactoryBean - Closing JPA EntityManagerFactory for persistence unit 'default' 
2025-09-10 04:54:40 INFO  com.zaxxer.hikari.HikariDataSource - HikariPool-1 - Shutdown initiated... 
2025-09-10 04:54:40 INFO  com.zaxxer.hikari.HikariDataSource - HikariPool-1 - Shutdown completed. 
